<?xml version="1.0" encoding="UTF-8"?>
<robot generator="Robot 7.2.2 (Python 3.11.4 on win32)" generated="2025-03-29T17:07:45.431279" rpa="false" schemaversion="5">
<suite id="s1" name="Cadastro Usuario Api Tests" source="c:\GitHub\QA-Robot_SeverRest\API\serverestDev\tests\cadastro_usuario_api_tests.robot">
<test id="s1-t1" name="Verificar comportamento CRUD das APIs" line="5">
<kw name="Enviar Requisição GET de Lista de Usuários" owner="cadastro_usuario_api_steps">
<kw name="Create Session" owner="RequestsLibrary">
<msg time="2025-03-29T17:07:45.644786" level="INFO">Creating Session using : alias=SERVEREST, url=https://serverest.dev, headers={},                     cookies={}, auth=None, timeout=15, proxies=None, verify=False,                     debug=0 </msg>
<arg>SERVEREST</arg>
<arg>${BASE_URL}</arg>
<arg>timeout=15</arg>
<doc>Create Session: create a HTTP session to a server</doc>
<status status="PASS" start="2025-03-29T17:07:45.644786" elapsed="0.003868"/>
</kw>
<kw name="Load Json From File" owner="JSONLibrary">
<msg time="2025-03-29T17:07:45.651444" level="INFO">${EMAIL} = {'nome': 'ROBOT', 'email': 'robot@example.com', 'password': 'senharobot', 'administrador': 'true'}</msg>
<var>${EMAIL}</var>
<arg>${CRIAR_USUARIO.JSON}</arg>
<doc>Load JSON from file.</doc>
<status status="PASS" start="2025-03-29T17:07:45.649852" elapsed="0.001592"/>
</kw>
<kw name="Create Dictionary" owner="BuiltIn">
<msg time="2025-03-29T17:07:45.652444" level="INFO">${PARAMS} = {'email': 'robot@example.com'}</msg>
<var>${PARAMS}</var>
<arg>email=${EMAIL}[email]</arg>
<doc>Creates and returns a dictionary based on the given ``items``.</doc>
<status status="PASS" start="2025-03-29T17:07:45.652444" elapsed="0.001238"/>
</kw>
<kw name="GET" owner="RequestsLibrary">
<msg time="2025-03-29T17:07:45.977203" level="INFO">GET Request : url=https://serverest.dev/usuarios?email=robot%40example.com 
 path_url=/usuarios?email=robot%40example.com 
 headers={'User-Agent': 'python-requests/2.32.3', 'Accept-Encoding': 'gzip, deflate', 'Accept': '*/*', 'Connection': 'keep-alive'} 
 body=None 
 </msg>
<msg time="2025-03-29T17:07:45.987936" level="INFO">GET Response : url=https://serverest.dev/usuarios?email=robot%40example.com 
 status=200, reason=OK 
 headers={'access-control-allow-origin': '*', 'x-dns-prefetch-control': 'off', 'x-frame-options': 'SAMEORIGIN', 'strict-transport-security': 'max-age=15552000; includeSubDomains', 'x-download-options': 'noopen', 'x-content-type-options': 'nosniff', 'x-xss-protection': '1; mode=block', 'content-type': 'application/json; charset=utf-8', 'x-cloud-trace-context': 'c5e937d6d2814f91c091ad8ff0d466cb', 'date': 'Sat, 29 Mar 2025 20:07:46 GMT', 'server': 'Google Frontend', 'Content-Length': '252'} 
 body={
    "quantidade": 1,
    "usuarios": [
        {
            "nome": "ROBOT",
            "email": "robot@example.com",
            "password": "senharobot",
            "administrador": "true",
            "_id": "DvertUNjdvf61d2A"
        }
    ]
} 
 </msg>
<msg time="2025-03-29T17:07:45.987936" level="INFO">${RESPONSE} = &lt;Response [200]&gt;</msg>
<var>${RESPONSE}</var>
<arg>${BASE_URL}${URI.USUARIOS}</arg>
<arg>params=${PARAMS}</arg>
<arg>expected_status=200</arg>
<doc>Sends a GET request.</doc>
<status status="PASS" start="2025-03-29T17:07:45.653682" elapsed="0.334254"/>
</kw>
<kw name="Log" owner="BuiltIn">
<msg time="2025-03-29T17:07:45.992067" level="INFO">{'quantidade': 1, 'usuarios': [{'nome': 'ROBOT', 'email': 'robot@example.com', 'password': 'senharobot', 'administrador': 'true', '_id': 'DvertUNjdvf61d2A'}]}</msg>
<arg>${response.json()}</arg>
<doc>Logs the given message with the given level.</doc>
<status status="PASS" start="2025-03-29T17:07:45.987936" elapsed="0.004131"/>
</kw>
<kw name="Set Variable" owner="BuiltIn">
<msg time="2025-03-29T17:07:45.992067" level="INFO">${JSON_CONTENT} = {'quantidade': 1, 'usuarios': [{'nome': 'ROBOT', 'email': 'robot@example.com', 'password': 'senharobot', 'administrador': 'true', '_id': 'DvertUNjdvf61d2A'}]}</msg>
<var>${JSON_CONTENT}</var>
<arg>${response.json()}</arg>
<doc>Returns the given values which can then be assigned to a variables.</doc>
<status status="PASS" start="2025-03-29T17:07:45.992067" elapsed="0.000000"/>
</kw>
<kw name="Set Variable" owner="BuiltIn">
<msg time="2025-03-29T17:07:45.992067" level="INFO">${JSON_QUANTIDADE} = 1</msg>
<var>${JSON_QUANTIDADE}</var>
<arg>${response.json()}[quantidade]</arg>
<doc>Returns the given values which can then be assigned to a variables.</doc>
<status status="PASS" start="2025-03-29T17:07:45.992067" elapsed="0.000000"/>
</kw>
<if>
<branch type="IF" condition="${JSON_QUANTIDADE} != 0">
<kw name="Get From Dictionary" owner="Collections">
<msg time="2025-03-29T17:07:45.992067" level="INFO">${USUARIOS} = [{'nome': 'ROBOT', 'email': 'robot@example.com', 'password': 'senharobot', 'administrador': 'true', '_id': 'DvertUNjdvf61d2A'}]</msg>
<var>${USUARIOS}</var>
<arg>${JSON_CONTENT}</arg>
<arg>usuarios</arg>
<doc>Returns a value from the given ``dictionary`` based on the given ``key``.</doc>
<status status="PASS" start="2025-03-29T17:07:45.992067" elapsed="0.000000"/>
</kw>
<kw name="Get From Dictionary" owner="Collections">
<msg time="2025-03-29T17:07:45.992067" level="INFO">${ID_USUARIO} = DvertUNjdvf61d2A</msg>
<var>${ID_USUARIO}</var>
<arg>${USUARIOS[0]}</arg>
<arg>_id</arg>
<doc>Returns a value from the given ``dictionary`` based on the given ``key``.</doc>
<status status="PASS" start="2025-03-29T17:07:45.992067" elapsed="0.000000"/>
</kw>
<return>
<value>${ID_USUARIO}</value>
<status status="PASS" start="2025-03-29T17:07:45.992067" elapsed="0.000000"/>
</return>
<status status="PASS" start="2025-03-29T17:07:45.992067" elapsed="0.000000"/>
</branch>
<branch type="ELSE">
<kw name="Log To Console" owner="BuiltIn">
<arg>Não tem usuários cadastrados</arg>
<doc>Logs the given message to the console.</doc>
<status status="NOT RUN" start="2025-03-29T17:07:45.992067" elapsed="0.000000"/>
</kw>
<return>
<value>teste</value>
<status status="NOT RUN" start="2025-03-29T17:07:45.992067" elapsed="0.000000"/>
</return>
<status status="NOT RUN" start="2025-03-29T17:07:45.992067" elapsed="0.000000"/>
</branch>
<status status="PASS" start="2025-03-29T17:07:45.992067" elapsed="0.000000"/>
</if>
<msg time="2025-03-29T17:07:45.992067" level="INFO">${ID_ANTIGO} = DvertUNjdvf61d2A</msg>
<var>${ID_ANTIGO}</var>
<doc>Envia Requisição GET de Lista de Usuários</doc>
<status status="PASS" start="2025-03-29T17:07:45.643785" elapsed="0.348282"/>
</kw>
<kw name="Enviar Requisição DELETE de Excluir Usuários" owner="cadastro_usuario_api_steps">
<kw name="Create Session" owner="RequestsLibrary">
<msg time="2025-03-29T17:07:45.992067" level="INFO">Creating Session using : alias=SERVEREST, url=https://serverest.dev, headers={},                     cookies={}, auth=None, timeout=15, proxies=None, verify=False,                     debug=0 </msg>
<arg>SERVEREST</arg>
<arg>${BASE_URL}</arg>
<arg>timeout=15</arg>
<doc>Create Session: create a HTTP session to a server</doc>
<status status="PASS" start="2025-03-29T17:07:45.992067" elapsed="0.000000"/>
</kw>
<kw name="DELETE" owner="RequestsLibrary">
<msg time="2025-03-29T17:07:46.320687" level="INFO">DELETE Request : url=https://serverest.dev/usuarios/DvertUNjdvf61d2A 
 path_url=/usuarios/DvertUNjdvf61d2A 
 headers={'User-Agent': 'python-requests/2.32.3', 'Accept-Encoding': 'gzip, deflate', 'Accept': '*/*', 'Connection': 'keep-alive', 'Content-Length': '0'} 
 body=None 
 </msg>
<msg time="2025-03-29T17:07:46.320687" level="INFO">DELETE Response : url=https://serverest.dev/usuarios/DvertUNjdvf61d2A 
 status=200, reason=OK 
 headers={'access-control-allow-origin': '*', 'x-dns-prefetch-control': 'off', 'x-frame-options': 'SAMEORIGIN', 'strict-transport-security': 'max-age=15552000; includeSubDomains', 'x-download-options': 'noopen', 'x-content-type-options': 'nosniff', 'x-xss-protection': '1; mode=block', 'content-type': 'application/json; charset=utf-8', 'x-cloud-trace-context': '2547896dca9206db7abe35f9430e2c62', 'date': 'Sat, 29 Mar 2025 20:07:46 GMT', 'server': 'Google Frontend', 'Content-Length': '51'} 
 body={
    "message": "Registro excluído com sucesso"
} 
 </msg>
<msg time="2025-03-29T17:07:46.320687" level="INFO">${RESPONSE} = &lt;Response [200]&gt;</msg>
<var>${RESPONSE}</var>
<arg>${BASE_URL}${URI.USUARIOS}/${ID_USUARIO}</arg>
<arg>expected_status=200</arg>
<doc>Sends a DELETE request.</doc>
<status status="PASS" start="2025-03-29T17:07:45.992067" elapsed="0.328620"/>
</kw>
<kw name="Log" owner="BuiltIn">
<msg time="2025-03-29T17:07:46.336486" level="INFO">{'message': 'Registro excluído com sucesso'}</msg>
<arg>${RESPONSE.json()}</arg>
<doc>Logs the given message with the given level.</doc>
<status status="PASS" start="2025-03-29T17:07:46.320687" elapsed="0.017810"/>
</kw>
<kw name="Set Variable" owner="BuiltIn">
<msg time="2025-03-29T17:07:46.340509" level="INFO">${JSON_CONTENT} = {'message': 'Registro excluído com sucesso'}</msg>
<var>${JSON_CONTENT}</var>
<arg>${response.json()}</arg>
<doc>Returns the given values which can then be assigned to a variables.</doc>
<status status="PASS" start="2025-03-29T17:07:46.338497" elapsed="0.004024"/>
</kw>
<kw name="Set Variable" owner="BuiltIn">
<msg time="2025-03-29T17:07:46.344532" level="INFO">${JSON_MESSAGE} = Registro excluído com sucesso</msg>
<var>${JSON_MESSAGE}</var>
<arg>${RESPONSE.json()}[message]</arg>
<doc>Returns the given values which can then be assigned to a variables.</doc>
<status status="PASS" start="2025-03-29T17:07:46.342521" elapsed="0.002011"/>
</kw>
<if>
<branch type="IF" condition="($JSON_MESSAGE == &quot;Registro excluído com sucesso&quot;)">
<kw name="Log" owner="BuiltIn">
<msg time="2025-03-29T17:07:46.346542" level="INFO">Registro excluído com sucesso</msg>
<arg>Registro excluído com sucesso</arg>
<doc>Logs the given message with the given level.</doc>
<status status="PASS" start="2025-03-29T17:07:46.346542" elapsed="0.000000"/>
</kw>
<return>
<value>Registro excluído com sucesso</value>
<status status="PASS" start="2025-03-29T17:07:46.346542" elapsed="0.000000"/>
</return>
<status status="PASS" start="2025-03-29T17:07:46.344532" elapsed="0.002010"/>
</branch>
<branch type="ELSE IF" condition="($JSON_MESSAGE == &quot;Nenhum registro excluído&quot;)">
<kw name="Log" owner="BuiltIn">
<arg>Nenhum registro excluído</arg>
<doc>Logs the given message with the given level.</doc>
<status status="NOT RUN" start="2025-03-29T17:07:46.348553" elapsed="0.000000"/>
</kw>
<return>
<value>Nenhum registro excluído</value>
<status status="NOT RUN" start="2025-03-29T17:07:46.348553" elapsed="0.000000"/>
</return>
<status status="NOT RUN" start="2025-03-29T17:07:46.346542" elapsed="0.002011"/>
</branch>
<branch type="ELSE">
<kw name="Fail" owner="BuiltIn">
<arg>A resposta não contém as mensagens esperadas.</arg>
<doc>Fails the test with the given message and optionally alters its tags.</doc>
<status status="NOT RUN" start="2025-03-29T17:07:46.348553" elapsed="0.000000"/>
</kw>
<status status="NOT RUN" start="2025-03-29T17:07:46.348553" elapsed="0.000000"/>
</branch>
<status status="PASS" start="2025-03-29T17:07:46.344532" elapsed="0.004021"/>
</if>
<arg>${ID_ANTIGO}</arg>
<doc>Envia Requisição DELETE de Excluir Usuários</doc>
<status status="PASS" start="2025-03-29T17:07:45.992067" elapsed="0.358496"/>
</kw>
<kw name="Enviar Requisição POST de Criação de Usuários" owner="cadastro_usuario_api_steps">
<kw name="Create Session" owner="RequestsLibrary">
<msg time="2025-03-29T17:07:46.353639" level="INFO">Creating Session using : alias=SERVEREST, url=https://serverest.dev, headers={},                     cookies={}, auth=None, timeout=15, proxies=None, verify=False,                     debug=0 </msg>
<arg>SERVEREST</arg>
<arg>${BASE_URL}</arg>
<arg>timeout=15</arg>
<doc>Create Session: create a HTTP session to a server</doc>
<status status="PASS" start="2025-03-29T17:07:46.353639" elapsed="0.002010"/>
</kw>
<kw name="Load Json From File" owner="JSONLibrary">
<msg time="2025-03-29T17:07:46.357163" level="INFO">${payload} = {'nome': 'ROBOT', 'email': 'robot@example.com', 'password': 'senharobot', 'administrador': 'true'}</msg>
<var>${payload}</var>
<arg>${CRIAR_USUARIO.JSON}</arg>
<doc>Load JSON from file.</doc>
<status status="PASS" start="2025-03-29T17:07:46.355649" elapsed="0.001514"/>
</kw>
<kw name="Create Dictionary" owner="BuiltIn">
<msg time="2025-03-29T17:07:46.357163" level="INFO">${headers} = {'Content-Type': 'application/json'}</msg>
<var>${headers}</var>
<arg>Content-Type=application/json</arg>
<doc>Creates and returns a dictionary based on the given ``items``.</doc>
<status status="PASS" start="2025-03-29T17:07:46.357163" elapsed="0.000000"/>
</kw>
<kw name="POST" owner="RequestsLibrary">
<msg time="2025-03-29T17:07:46.679818" level="INFO">POST Request : url=https://serverest.dev/usuarios 
 path_url=/usuarios 
 headers={'User-Agent': 'python-requests/2.32.3', 'Accept-Encoding': 'gzip, deflate', 'Accept': '*/*', 'Connection': 'keep-alive', 'Content-Type': 'application/json', 'Content-Length': '98'} 
 body=b'{"nome": "ROBOT", "email": "robot@example.com", "password": "senharobot", "administrador": "true"}' 
 </msg>
<msg time="2025-03-29T17:07:46.679818" level="INFO">POST Response : url=https://serverest.dev/usuarios 
 status=201, reason=Created 
 headers={'access-control-allow-origin': '*', 'x-dns-prefetch-control': 'off', 'x-frame-options': 'SAMEORIGIN', 'strict-transport-security': 'max-age=15552000; includeSubDomains', 'x-download-options': 'noopen', 'x-content-type-options': 'nosniff', 'x-xss-protection': '1; mode=block', 'content-type': 'application/json; charset=utf-8', 'x-cloud-trace-context': '7fe3945fc0f652141c9633b3bb74257b', 'date': 'Sat, 29 Mar 2025 20:07:46 GMT', 'server': 'Google Frontend', 'Content-Length': '82'} 
 body={
    "message": "Cadastro realizado com sucesso",
    "_id": "uZsjMS2Z1mHhQy31"
} 
 </msg>
<msg time="2025-03-29T17:07:46.683089" level="INFO">${RESPONSE} = &lt;Response [201]&gt;</msg>
<var>${RESPONSE}</var>
<arg>${BASE_URL}${URI.USUARIOS}</arg>
<arg>json=${payload}</arg>
<arg>headers=${headers}</arg>
<arg>expected_status=anything</arg>
<doc>Sends a POST request.</doc>
<status status="PASS" start="2025-03-29T17:07:46.359172" elapsed="0.323917"/>
</kw>
<kw name="Log" owner="BuiltIn">
<msg time="2025-03-29T17:07:46.685173" level="INFO">{'message': 'Cadastro realizado com sucesso', '_id': 'uZsjMS2Z1mHhQy31'}</msg>
<arg>${RESPONSE.json()}</arg>
<doc>Logs the given message with the given level.</doc>
<status status="PASS" start="2025-03-29T17:07:46.683089" elapsed="0.002084"/>
</kw>
<kw name="Set Variable" owner="BuiltIn">
<msg time="2025-03-29T17:07:46.687188" level="INFO">${JSON_CONTENT} = {'message': 'Cadastro realizado com sucesso', '_id': 'uZsjMS2Z1mHhQy31'}</msg>
<var>${JSON_CONTENT}</var>
<arg>${RESPONSE.json()}</arg>
<doc>Returns the given values which can then be assigned to a variables.</doc>
<status status="PASS" start="2025-03-29T17:07:46.685173" elapsed="0.002015"/>
</kw>
<kw name="Set Variable" owner="BuiltIn">
<msg time="2025-03-29T17:07:46.687188" level="INFO">${JSON_MESSAGE} = Cadastro realizado com sucesso</msg>
<var>${JSON_MESSAGE}</var>
<arg>${RESPONSE.json()}[message]</arg>
<doc>Returns the given values which can then be assigned to a variables.</doc>
<status status="PASS" start="2025-03-29T17:07:46.687188" elapsed="0.002010"/>
</kw>
<if>
<branch type="IF" condition="($JSON_MESSAGE == &quot;Cadastro realizado com sucesso&quot;)">
<kw name="Log" owner="BuiltIn">
<msg time="2025-03-29T17:07:46.691209" level="INFO">Cadastro realizado com sucesso</msg>
<arg>Cadastro realizado com sucesso</arg>
<doc>Logs the given message with the given level.</doc>
<status status="PASS" start="2025-03-29T17:07:46.691209" elapsed="0.000000"/>
</kw>
<kw name="Get From Dictionary" owner="Collections">
<msg time="2025-03-29T17:07:46.691209" level="INFO">${ID_USUARIO} = uZsjMS2Z1mHhQy31</msg>
<var>${ID_USUARIO}</var>
<arg>${JSON_CONTENT}</arg>
<arg>_id</arg>
<arg>default=None</arg>
<doc>Returns a value from the given ``dictionary`` based on the given ``key``.</doc>
<status status="PASS" start="2025-03-29T17:07:46.691209" elapsed="0.000000"/>
</kw>
<return>
<value>${ID_USUARIO}</value>
<status status="PASS" start="2025-03-29T17:07:46.691209" elapsed="0.000000"/>
</return>
<status status="PASS" start="2025-03-29T17:07:46.689198" elapsed="0.002011"/>
</branch>
<branch type="ELSE IF" condition="($JSON_MESSAGE == &quot;Este email já está sendo usado&quot;)">
<kw name="Log" owner="BuiltIn">
<arg>Este email já está sendo usado</arg>
<doc>Logs the given message with the given level.</doc>
<status status="NOT RUN" start="2025-03-29T17:07:46.691209" elapsed="0.000000"/>
</kw>
<return>
<value>${JSON_MESSAGE}</value>
<status status="NOT RUN" start="2025-03-29T17:07:46.691209" elapsed="0.000000"/>
</return>
<status status="NOT RUN" start="2025-03-29T17:07:46.691209" elapsed="0.000000"/>
</branch>
<branch type="ELSE">
<kw name="Fail" owner="BuiltIn">
<arg>A resposta não contém as mensagens esperadas.</arg>
<doc>Fails the test with the given message and optionally alters its tags.</doc>
<status status="NOT RUN" start="2025-03-29T17:07:46.691209" elapsed="0.000000"/>
</kw>
<status status="NOT RUN" start="2025-03-29T17:07:46.691209" elapsed="0.000000"/>
</branch>
<status status="PASS" start="2025-03-29T17:07:46.689198" elapsed="0.002011"/>
</if>
<msg time="2025-03-29T17:07:46.691209" level="INFO">${ID_NOVO} = uZsjMS2Z1mHhQy31</msg>
<var>${ID_NOVO}</var>
<doc>Envia Requisição GET de Lista de Usuários</doc>
<status status="PASS" start="2025-03-29T17:07:46.353639" elapsed="0.337570"/>
</kw>
<kw name="Enviar Requisição PUT de Alteração de Usuário alternando o NOME" owner="cadastro_usuario_api_steps">
<kw name="Create Session" owner="RequestsLibrary">
<msg time="2025-03-29T17:07:46.700964" level="INFO">Creating Session using : alias=SERVEREST, url=https://serverest.dev, headers={},                     cookies={}, auth=None, timeout=15, proxies=None, verify=False,                     debug=0 </msg>
<arg>SERVEREST</arg>
<arg>${BASE_URL}</arg>
<arg>timeout=15</arg>
<doc>Create Session: create a HTTP session to a server</doc>
<status status="PASS" start="2025-03-29T17:07:46.700964" elapsed="0.000000"/>
</kw>
<kw name="Load Json From File" owner="JSONLibrary">
<msg time="2025-03-29T17:07:46.704984" level="INFO">${payload} = {'nome': 'ROBOT_ATUALIZAR', 'email': 'robot@example.com', 'password': 'senharobot', 'administrador': 'false'}</msg>
<var>${payload}</var>
<arg>${ATUALIZAR_USUARIO.JSON}</arg>
<doc>Load JSON from file.</doc>
<status status="PASS" start="2025-03-29T17:07:46.702974" elapsed="0.002010"/>
</kw>
<kw name="Create Dictionary" owner="BuiltIn">
<msg time="2025-03-29T17:07:46.707496" level="INFO">${headers} = {'Content-Type': 'application/json'}</msg>
<var>${headers}</var>
<arg>Content-Type=application/json</arg>
<doc>Creates and returns a dictionary based on the given ``items``.</doc>
<status status="PASS" start="2025-03-29T17:07:46.706391" elapsed="0.001105"/>
</kw>
<kw name="PUT" owner="RequestsLibrary">
<msg time="2025-03-29T17:07:47.039563" level="INFO">PUT Request : url=https://serverest.dev/usuarios/uZsjMS2Z1mHhQy31 
 path_url=/usuarios/uZsjMS2Z1mHhQy31 
 headers={'User-Agent': 'python-requests/2.32.3', 'Accept-Encoding': 'gzip, deflate', 'Accept': '*/*', 'Connection': 'keep-alive', 'Content-Type': 'application/json', 'Content-Length': '109'} 
 body=b'{"nome": "ROBOT_ATUALIZAR", "email": "robot@example.com", "password": "senharobot", "administrador": "false"}' 
 </msg>
<msg time="2025-03-29T17:07:47.040785" level="INFO">PUT Response : url=https://serverest.dev/usuarios/uZsjMS2Z1mHhQy31 
 status=200, reason=OK 
 headers={'access-control-allow-origin': '*', 'x-dns-prefetch-control': 'off', 'x-frame-options': 'SAMEORIGIN', 'strict-transport-security': 'max-age=15552000; includeSubDomains', 'x-download-options': 'noopen', 'x-content-type-options': 'nosniff', 'x-xss-protection': '1; mode=block', 'content-type': 'application/json; charset=utf-8', 'x-cloud-trace-context': '255855b1e18d217faace3e9ab5d6cfa5', 'date': 'Sat, 29 Mar 2025 20:07:47 GMT', 'server': 'Google Frontend', 'Content-Length': '50'} 
 body={
    "message": "Registro alterado com sucesso"
} 
 </msg>
<msg time="2025-03-29T17:07:47.040785" level="INFO">${RESPONSE} = &lt;Response [200]&gt;</msg>
<var>${RESPONSE}</var>
<arg>${BASE_URL}${URI.USUARIOS}/${ID_USUARIO}</arg>
<arg>json=${payload}</arg>
<arg>headers=${headers}</arg>
<arg>expected_status=200</arg>
<doc>Sends a PUT request.</doc>
<status status="PASS" start="2025-03-29T17:07:46.707496" elapsed="0.333289"/>
</kw>
<kw name="Log" owner="BuiltIn">
<msg time="2025-03-29T17:07:47.042975" level="INFO">{'message': 'Registro alterado com sucesso'}</msg>
<arg>${response.json()}</arg>
<doc>Logs the given message with the given level.</doc>
<status status="PASS" start="2025-03-29T17:07:47.041878" elapsed="0.001097"/>
</kw>
<kw name="Should Be Equal" owner="BuiltIn">
<arg>${RESPONSE.json()}[message]</arg>
<arg>Registro alterado com sucesso</arg>
<doc>Fails if the given objects are unequal.</doc>
<status status="PASS" start="2025-03-29T17:07:47.044066" elapsed="0.001103"/>
</kw>
<return>
<value>${response.json()}</value>
<status status="PASS" start="2025-03-29T17:07:47.045169" elapsed="0.000000"/>
</return>
<arg>${ID_NOVO}</arg>
<doc>Envia Requisição PUT de Alteração de Usuário alternando o NOME</doc>
<status status="PASS" start="2025-03-29T17:07:46.691209" elapsed="0.355053"/>
</kw>
<kw name="Enviar Requisição DELETE de Excluir Usuários" owner="cadastro_usuario_api_steps">
<kw name="Create Session" owner="RequestsLibrary">
<msg time="2025-03-29T17:07:47.049753" level="INFO">Creating Session using : alias=SERVEREST, url=https://serverest.dev, headers={},                     cookies={}, auth=None, timeout=15, proxies=None, verify=False,                     debug=0 </msg>
<arg>SERVEREST</arg>
<arg>${BASE_URL}</arg>
<arg>timeout=15</arg>
<doc>Create Session: create a HTTP session to a server</doc>
<status status="PASS" start="2025-03-29T17:07:47.048753" elapsed="0.001000"/>
</kw>
<kw name="DELETE" owner="RequestsLibrary">
<msg time="2025-03-29T17:07:47.374938" level="INFO">DELETE Request : url=https://serverest.dev/usuarios/uZsjMS2Z1mHhQy31 
 path_url=/usuarios/uZsjMS2Z1mHhQy31 
 headers={'User-Agent': 'python-requests/2.32.3', 'Accept-Encoding': 'gzip, deflate', 'Accept': '*/*', 'Connection': 'keep-alive', 'Content-Length': '0'} 
 body=None 
 </msg>
<msg time="2025-03-29T17:07:47.375896" level="INFO">DELETE Response : url=https://serverest.dev/usuarios/uZsjMS2Z1mHhQy31 
 status=200, reason=OK 
 headers={'access-control-allow-origin': '*', 'x-dns-prefetch-control': 'off', 'x-frame-options': 'SAMEORIGIN', 'strict-transport-security': 'max-age=15552000; includeSubDomains', 'x-download-options': 'noopen', 'x-content-type-options': 'nosniff', 'x-xss-protection': '1; mode=block', 'content-type': 'application/json; charset=utf-8', 'x-cloud-trace-context': '00ca97733e0b597090d26fd6d88cdf6b', 'date': 'Sat, 29 Mar 2025 20:07:47 GMT', 'server': 'Google Frontend', 'Content-Length': '51'} 
 body={
    "message": "Registro excluído com sucesso"
} 
 </msg>
<msg time="2025-03-29T17:07:47.377359" level="INFO">${RESPONSE} = &lt;Response [200]&gt;</msg>
<var>${RESPONSE}</var>
<arg>${BASE_URL}${URI.USUARIOS}/${ID_USUARIO}</arg>
<arg>expected_status=200</arg>
<doc>Sends a DELETE request.</doc>
<status status="PASS" start="2025-03-29T17:07:47.050804" elapsed="0.326555"/>
</kw>
<kw name="Log" owner="BuiltIn">
<msg time="2025-03-29T17:07:47.379458" level="INFO">{'message': 'Registro excluído com sucesso'}</msg>
<arg>${RESPONSE.json()}</arg>
<doc>Logs the given message with the given level.</doc>
<status status="PASS" start="2025-03-29T17:07:47.377359" elapsed="0.003123"/>
</kw>
<kw name="Set Variable" owner="BuiltIn">
<msg time="2025-03-29T17:07:47.381585" level="INFO">${JSON_CONTENT} = {'message': 'Registro excluído com sucesso'}</msg>
<var>${JSON_CONTENT}</var>
<arg>${response.json()}</arg>
<doc>Returns the given values which can then be assigned to a variables.</doc>
<status status="PASS" start="2025-03-29T17:07:47.380482" elapsed="0.002137"/>
</kw>
<kw name="Set Variable" owner="BuiltIn">
<msg time="2025-03-29T17:07:47.383637" level="INFO">${JSON_MESSAGE} = Registro excluído com sucesso</msg>
<var>${JSON_MESSAGE}</var>
<arg>${RESPONSE.json()}[message]</arg>
<doc>Returns the given values which can then be assigned to a variables.</doc>
<status status="PASS" start="2025-03-29T17:07:47.382619" elapsed="0.001018"/>
</kw>
<if>
<branch type="IF" condition="($JSON_MESSAGE == &quot;Registro excluído com sucesso&quot;)">
<kw name="Log" owner="BuiltIn">
<msg time="2025-03-29T17:07:47.384655" level="INFO">Registro excluído com sucesso</msg>
<arg>Registro excluído com sucesso</arg>
<doc>Logs the given message with the given level.</doc>
<status status="PASS" start="2025-03-29T17:07:47.384655" elapsed="0.001018"/>
</kw>
<return>
<value>Registro excluído com sucesso</value>
<status status="PASS" start="2025-03-29T17:07:47.385673" elapsed="0.000000"/>
</return>
<status status="PASS" start="2025-03-29T17:07:47.383637" elapsed="0.002036"/>
</branch>
<branch type="ELSE IF" condition="($JSON_MESSAGE == &quot;Nenhum registro excluído&quot;)">
<kw name="Log" owner="BuiltIn">
<arg>Nenhum registro excluído</arg>
<doc>Logs the given message with the given level.</doc>
<status status="NOT RUN" start="2025-03-29T17:07:47.386690" elapsed="0.000000"/>
</kw>
<return>
<value>Nenhum registro excluído</value>
<status status="NOT RUN" start="2025-03-29T17:07:47.386690" elapsed="0.000000"/>
</return>
<status status="NOT RUN" start="2025-03-29T17:07:47.385673" elapsed="0.001017"/>
</branch>
<branch type="ELSE">
<kw name="Fail" owner="BuiltIn">
<arg>A resposta não contém as mensagens esperadas.</arg>
<doc>Fails the test with the given message and optionally alters its tags.</doc>
<status status="NOT RUN" start="2025-03-29T17:07:47.387709" elapsed="0.000000"/>
</kw>
<status status="NOT RUN" start="2025-03-29T17:07:47.386690" elapsed="0.001019"/>
</branch>
<status status="PASS" start="2025-03-29T17:07:47.383637" elapsed="0.004072"/>
</if>
<arg>${ID_NOVO}</arg>
<doc>Envia Requisição DELETE de Excluir Usuários</doc>
<status status="PASS" start="2025-03-29T17:07:47.047278" elapsed="0.340431"/>
</kw>
<status status="PASS" start="2025-03-29T17:07:45.642785" elapsed="1.747862"/>
</test>
<status status="PASS" start="2025-03-29T17:07:45.434299" elapsed="1.968853"/>
</suite>
<statistics>
<total>
<stat pass="1" fail="0" skip="0">All Tests</stat>
</total>
<tag>
</tag>
<suite>
<stat name="Cadastro Usuario Api Tests" id="s1" pass="1" fail="0" skip="0">Cadastro Usuario Api Tests</stat>
</suite>
</statistics>
<errors>
</errors>
</robot>
