<?xml version="1.0" encoding="UTF-8"?>
<robot generator="Robot 7.2.2 (Python 3.11.4 on win32)" generated="2025-03-28T15:26:03.840703" rpa="false" schemaversion="5">
<suite id="s1" name="Cadastro Usuarios Logado E2E" source="c:\GitHub\QA-Robot_SeverRest\tests\serverDev\e2e\cadastro_usuarios_logado_e2e.robot">
<test id="s1-t1" name="Verifica o cadastro de usuários na area logada" line="13">
<kw name="eu acesso o site" owner="commons" type="SETUP">
<kw name="Open Browser" owner="SeleniumLibrary">
<msg time="2025-03-28T15:26:04.396757" level="INFO">Opening browser 'chrome' to base url 'https://front.serverest.dev/'.</msg>
<arg>${URL_SERVERDEV}</arg>
<arg>${BROWSER}</arg>
<doc>Opens a new browser instance to the optional ``url``.</doc>
<status status="PASS" start="2025-03-28T15:26:04.395757" elapsed="2.701250"/>
</kw>
<status status="PASS" start="2025-03-28T15:26:04.394752" elapsed="2.702255"/>
</kw>
<kw name="Given eu preencha o campo NOME com o [valor]" owner="login_steps">
<kw name="Wait Until Element Is Visible" owner="SeleniumLibrary">
<arg>${LOGIN.EMAIL.INPUT}</arg>
<arg>timeout=15s</arg>
<doc>Waits until the element ``locator`` is visible.</doc>
<status status="PASS" start="2025-03-28T15:26:07.104404" elapsed="1.602411"/>
</kw>
<kw name="Input Text" owner="SeleniumLibrary">
<msg time="2025-03-28T15:26:08.707336" level="INFO">Typing text 'robot@example.com' into text field 'css=[data-testid="email"]'.</msg>
<arg>${LOGIN.EMAIL.INPUT}</arg>
<arg>${value}</arg>
<doc>Types the given ``text`` into the text field identified by ``locator``.</doc>
<status status="PASS" start="2025-03-28T15:26:08.707336" elapsed="0.100390"/>
</kw>
<arg>${EMAIL_CASDASTRADO}</arg>
<status status="PASS" start="2025-03-28T15:26:07.103405" elapsed="1.705791"/>
</kw>
<kw name="And eu preencha o campo SENHA com o [valor]" owner="login_steps">
<kw name="Wait Until Element Is Visible" owner="SeleniumLibrary">
<arg>${LOGIN.SENHA.INPUT}</arg>
<arg>timeout=15s</arg>
<doc>Waits until the element ``locator`` is visible.</doc>
<status status="PASS" start="2025-03-28T15:26:08.811199" elapsed="0.017107"/>
</kw>
<kw name="Input Text" owner="SeleniumLibrary">
<msg time="2025-03-28T15:26:08.829556" level="INFO">Typing text 'senharobot' into text field 'css=[data-testid="senha"]'.</msg>
<arg>${LOGIN.SENHA.INPUT}</arg>
<arg>${value}</arg>
<doc>Types the given ``text`` into the text field identified by ``locator``.</doc>
<status status="PASS" start="2025-03-28T15:26:08.829556" elapsed="0.107188"/>
</kw>
<arg>${SENHA_CASDASTRADA}</arg>
<status status="PASS" start="2025-03-28T15:26:08.810199" elapsed="0.126545"/>
</kw>
<kw name="And eu clique no botão ENTRAR" owner="login_steps">
<kw name="Wait Until Element Is Visible" owner="SeleniumLibrary">
<arg>${LOGIN.ENTRAR.BUTTON}</arg>
<arg>timeout=15s</arg>
<doc>Waits until the element ``locator`` is visible.</doc>
<status status="PASS" start="2025-03-28T15:26:08.937863" elapsed="0.017000"/>
</kw>
<kw name="Click Button" owner="SeleniumLibrary">
<msg time="2025-03-28T15:26:08.956030" level="INFO">Clicking button 'css=[data-testid="entrar"]'.</msg>
<arg>${LOGIN.ENTRAR.BUTTON}</arg>
<doc>Clicks the button identified by ``locator``.</doc>
<status status="PASS" start="2025-03-28T15:26:08.954863" elapsed="0.082082"/>
</kw>
<status status="PASS" start="2025-03-28T15:26:08.936744" elapsed="0.100201"/>
</kw>
<kw name="And eu clico no item de MENU" owner="home_steps">
<kw name="Wait Until Element Is Visible" owner="SeleniumLibrary">
<arg>${SELECTOR}</arg>
<arg>timeout=15s</arg>
<doc>Waits until the element ``locator`` is visible.</doc>
<status status="PASS" start="2025-03-28T15:26:09.038915" elapsed="2.566844"/>
</kw>
<kw name="Click Element" owner="SeleniumLibrary">
<msg time="2025-03-28T15:26:11.605759" level="INFO">Clicking element 'css=[data-testid="cadastrar-usuarios"]'.</msg>
<arg>${SELECTOR}</arg>
<doc>Click the element identified by ``locator``.</doc>
<status status="PASS" start="2025-03-28T15:26:11.605759" elapsed="0.053861"/>
</kw>
<arg>CADASTRAR USUARIO</arg>
<arg>${HOME.MENU_CADASTRAR_USUARIOS.BTN}</arg>
<status status="PASS" start="2025-03-28T15:26:09.037568" elapsed="2.623411"/>
</kw>
<kw name="When eu preencho o campo NOME" owner="cadastrar_usuario">
<kw name="First Name" owner="FakerLibrary">
<msg time="2025-03-28T15:26:11.665211" level="INFO">${NOME_FAKER} = Christopher</msg>
<var>${NOME_FAKER}</var>
<status status="PASS" start="2025-03-28T15:26:11.665211" elapsed="0.000000"/>
</kw>
<kw name="Set Global Variable" owner="BuiltIn">
<msg time="2025-03-28T15:26:11.666217" level="INFO">${NOME_FAKER} = Christopher</msg>
<arg>${NOME_FAKER}</arg>
<doc>Makes a variable available globally in all tests and suites.</doc>
<status status="PASS" start="2025-03-28T15:26:11.666217" elapsed="0.000000"/>
</kw>
<kw name="Wait Until Element Is Visible" owner="SeleniumLibrary">
<arg>${CAD_USUARIO.NOME.INPUT}</arg>
<arg>timeout=15s</arg>
<doc>Waits until the element ``locator`` is visible.</doc>
<status status="PASS" start="2025-03-28T15:26:11.667218" elapsed="0.029856"/>
</kw>
<kw name="Input Text" owner="SeleniumLibrary">
<msg time="2025-03-28T15:26:11.698085" level="INFO">Typing text 'QATEST_Christopher' into text field 'css=[data-testid="nome"]'.</msg>
<arg>${CAD_USUARIO.NOME.INPUT}</arg>
<arg>QATEST_${NOME_FAKER}</arg>
<doc>Types the given ``text`` into the text field identified by ``locator``.</doc>
<status status="PASS" start="2025-03-28T15:26:11.698085" elapsed="0.256920"/>
</kw>
<status status="PASS" start="2025-03-28T15:26:11.664065" elapsed="0.290940"/>
</kw>
<kw name="And eu preencho o campo EMAIL" owner="cadastrar_usuario">
<kw name="Wait Until Element Is Visible" owner="SeleniumLibrary">
<arg>${CAD_USUARIO.EMAIL.INPUT}</arg>
<arg>timeout=15s</arg>
<doc>Waits until the element ``locator`` is visible.</doc>
<status status="PASS" start="2025-03-28T15:26:11.957141" elapsed="0.011172"/>
</kw>
<kw name="User Id Generator" owner="user_id_generator">
<msg time="2025-03-28T15:26:11.968313" level="INFO">${USER_ID} = Christopherbf53e74d-7cb7</msg>
<var>${USER_ID}</var>
<arg>${NOME_FAKER}</arg>
<status status="PASS" start="2025-03-28T15:26:11.968313" elapsed="0.001077"/>
</kw>
<kw name="Input Text" owner="SeleniumLibrary">
<msg time="2025-03-28T15:26:11.969390" level="INFO">Typing text 'Christopherbf53e74d-7cb7@qateste.com.br' into text field 'css=[data-testid="email"]'.</msg>
<arg>${CAD_USUARIO.EMAIL.INPUT}</arg>
<arg>${USER_ID}@qateste.com.br</arg>
<doc>Types the given ``text`` into the text field identified by ``locator``.</doc>
<status status="PASS" start="2025-03-28T15:26:11.969390" elapsed="0.129886"/>
</kw>
<kw name="Log To Console" owner="BuiltIn">
<arg>${USER_ID}@qateste.com.br</arg>
<doc>Logs the given message to the console.</doc>
<status status="PASS" start="2025-03-28T15:26:12.099276" elapsed="0.000000"/>
</kw>
<status status="PASS" start="2025-03-28T15:26:11.956142" elapsed="0.143134"/>
</kw>
<kw name="And eu preencho o campo SENHA" owner="cadastrar_usuario">
<kw name="Wait Until Element Is Visible" owner="SeleniumLibrary">
<arg>${CAD_USUARIO.SENHA.INPUT}</arg>
<arg>timeout=15s</arg>
<doc>Waits until the element ``locator`` is visible.</doc>
<status status="PASS" start="2025-03-28T15:26:12.100280" elapsed="0.016481"/>
</kw>
<kw name="Input Text" owner="SeleniumLibrary">
<msg time="2025-03-28T15:26:12.116761" level="INFO">Typing text 'teste' into text field 'css=[data-testid="password"]'.</msg>
<arg>${CAD_USUARIO.SENHA.INPUT}</arg>
<arg>teste</arg>
<doc>Types the given ``text`` into the text field identified by ``locator``.</doc>
<status status="PASS" start="2025-03-28T15:26:12.116761" elapsed="0.085607"/>
</kw>
<status status="PASS" start="2025-03-28T15:26:12.100280" elapsed="0.103094"/>
</kw>
<kw name="And eu marco o checkbox de administrador" owner="cadastrar_usuario">
<kw name="Click Element" owner="SeleniumLibrary">
<msg time="2025-03-28T15:26:12.204378" level="INFO">Clicking element 'css=[data-testid="checkbox"]'.</msg>
<arg>${CAD_USUARIO.ADMIN.CHECKBOX}</arg>
<doc>Click the element identified by ``locator``.</doc>
<status status="PASS" start="2025-03-28T15:26:12.204378" elapsed="0.060874"/>
</kw>
<status status="PASS" start="2025-03-28T15:26:12.203374" elapsed="0.061878"/>
</kw>
<kw name="And eu clico no botão CADASTRAR" owner="cadastrar_usuario">
<kw name="Click Button" owner="SeleniumLibrary">
<msg time="2025-03-28T15:26:12.266822" level="INFO">Clicking button 'css=[data-testid="cadastrarUsuario"]'.</msg>
<arg>${CAD_USUARIO.CADASTRAR.BTN}</arg>
<doc>Clicks the button identified by ``locator``.</doc>
<status status="PASS" start="2025-03-28T15:26:12.266822" elapsed="0.075681"/>
</kw>
<status status="PASS" start="2025-03-28T15:26:12.265252" elapsed="0.077768"/>
</kw>
<kw name="Then sou redirecionado para a tela de lista de usuários" owner="listar_usuarios_steps">
<kw name="Wait Until Element Is Visible" owner="SeleniumLibrary">
<arg>${LIST_USUARIO.TEXTO_APRESENTACAO.H1}</arg>
<arg>timeout=15s</arg>
<doc>Waits until the element ``locator`` is visible.</doc>
<status status="PASS" start="2025-03-28T15:26:12.344549" elapsed="0.451294"/>
</kw>
<kw name="Get Text" owner="SeleniumLibrary">
<msg time="2025-03-28T15:26:12.815238" level="INFO">${text} = Lista dos usuários</msg>
<var>${text}</var>
<arg>${LIST_USUARIO.TEXTO_APRESENTACAO.H1}</arg>
<doc>Returns the text value of the element identified by ``locator``.</doc>
<status status="PASS" start="2025-03-28T15:26:12.796832" elapsed="0.018406"/>
</kw>
<kw name="Should Contain" owner="BuiltIn">
<arg>${text}</arg>
<arg>Lista dos usuários</arg>
<doc>Fails if ``container`` does not contain ``item`` one or more times.</doc>
<status status="PASS" start="2025-03-28T15:26:12.816241" elapsed="0.000000"/>
</kw>
<status status="PASS" start="2025-03-28T15:26:12.343020" elapsed="0.473728"/>
</kw>
<kw name="fechar Browser" owner="commons" type="TEARDOWN">
<kw name="Close Browser" owner="SeleniumLibrary">
<doc>Closes the current browser.</doc>
<status status="PASS" start="2025-03-28T15:26:12.818160" elapsed="2.196242"/>
</kw>
<status status="PASS" start="2025-03-28T15:26:12.816748" elapsed="2.198618"/>
</kw>
<status status="PASS" start="2025-03-28T15:26:04.394103" elapsed="10.621471"/>
</test>
<status status="PASS" start="2025-03-28T15:26:03.848101" elapsed="11.167473"/>
</suite>
<statistics>
<total>
<stat pass="1" fail="0" skip="0">All Tests</stat>
</total>
<tag>
</tag>
<suite>
<stat name="Cadastro Usuarios Logado E2E" id="s1" pass="1" fail="0" skip="0">Cadastro Usuarios Logado E2E</stat>
</suite>
</statistics>
<errors>
</errors>
</robot>
