<?xml version="1.0" encoding="UTF-8"?>
<robot generator="Robot 7.2.2 (Python 3.11.4 on win32)" generated="2025-03-29T15:07:47.827931" rpa="false" schemaversion="5">
<suite id="s1" name="Cadastro Usuario Api Tests" source="c:\GitHub\QA-Robot_SeverRest\API\serverestDev\tests\cadastro_usuario_api_tests.robot">
<test id="s1-t1" name="Verificar comportamento CRUD das APIs" line="5">
<kw name="Enviar Requisição POST de Criação de Usuários" owner="cadastro_usuario_api_steps">
<kw name="Create Session" owner="RequestsLibrary">
<msg time="2025-03-29T15:07:48.031742" level="INFO">Creating Session using : alias=SERVEREST, url=https://serverest.dev, headers={},                     cookies={}, auth=None, timeout=15, proxies=None, verify=False,                     debug=0 </msg>
<arg>SERVEREST</arg>
<arg>${BASE_URL}</arg>
<arg>timeout=15</arg>
<doc>Create Session: create a HTTP session to a server</doc>
<status status="PASS" start="2025-03-29T15:07:48.031742" elapsed="0.002225"/>
</kw>
<kw name="Load Json From File" owner="JSONLibrary">
<msg time="2025-03-29T15:07:48.036088" level="INFO">${payload} = {'nome': 'ROBOT_ALTUALIZADO', 'email': 'robot@example.com', 'password': 'senharobot', 'administrador': 'true'}</msg>
<var>${payload}</var>
<arg>${CRIAR_USUARIO.JSON}</arg>
<doc>Load JSON from file.</doc>
<status status="PASS" start="2025-03-29T15:07:48.035084" elapsed="0.001004"/>
</kw>
<kw name="Create Dictionary" owner="BuiltIn">
<msg time="2025-03-29T15:07:48.036088" level="INFO">${headers} = {'Content-Type': 'application/json'}</msg>
<var>${headers}</var>
<arg>Content-Type=application/json</arg>
<doc>Creates and returns a dictionary based on the given ``items``.</doc>
<status status="PASS" start="2025-03-29T15:07:48.036088" elapsed="0.000000"/>
</kw>
<kw name="POST" owner="RequestsLibrary">
<msg time="2025-03-29T15:07:48.465360" level="INFO">POST Request : url=https://serverest.dev/usuarios 
 path_url=/usuarios 
 headers={'User-Agent': 'python-requests/2.32.3', 'Accept-Encoding': 'gzip, deflate', 'Accept': '*/*', 'Connection': 'keep-alive', 'Content-Type': 'application/json', 'Content-Length': '110'} 
 body=b'{"nome": "ROBOT_ALTUALIZADO", "email": "robot@example.com", "password": "senharobot", "administrador": "true"}' 
 </msg>
<msg time="2025-03-29T15:07:48.465360" level="INFO">POST Response : url=https://serverest.dev/usuarios 
 status=201, reason=Created 
 headers={'access-control-allow-origin': '*', 'x-dns-prefetch-control': 'off', 'x-frame-options': 'SAMEORIGIN', 'strict-transport-security': 'max-age=15552000; includeSubDomains', 'x-download-options': 'noopen', 'x-content-type-options': 'nosniff', 'x-xss-protection': '1; mode=block', 'content-type': 'application/json; charset=utf-8', 'x-cloud-trace-context': 'caa57b7325b394e92d9122f3ec57f1bc;o=1', 'date': 'Sat, 29 Mar 2025 18:07:48 GMT', 'server': 'Google Frontend', 'Content-Length': '82'} 
 body={
    "message": "Cadastro realizado com sucesso",
    "_id": "bFg0kwzr0nsLSUWQ"
} 
 </msg>
<msg time="2025-03-29T15:07:48.465360" level="INFO">${RESPONSE} = &lt;Response [201]&gt;</msg>
<var>${RESPONSE}</var>
<arg>${BASE_URL}${URI.USUARIOS}</arg>
<arg>json=${payload}</arg>
<arg>headers=${headers}</arg>
<arg>expected_status=201</arg>
<doc>Sends a POST request.</doc>
<status status="PASS" start="2025-03-29T15:07:48.037557" elapsed="0.429104"/>
</kw>
<kw name="Log" owner="BuiltIn">
<msg time="2025-03-29T15:07:48.467680" level="INFO">{'message': 'Cadastro realizado com sucesso', '_id': 'bFg0kwzr0nsLSUWQ'}</msg>
<arg>${RESPONSE.json()}</arg>
<doc>Logs the given message with the given level.</doc>
<status status="PASS" start="2025-03-29T15:07:48.466661" elapsed="0.001019"/>
</kw>
<kw name="Should Be Equal" owner="BuiltIn">
<arg>${RESPONSE.json()}[message]</arg>
<arg>Cadastro realizado com sucesso</arg>
<doc>Fails if the given objects are unequal.</doc>
<status status="PASS" start="2025-03-29T15:07:48.468916" elapsed="0.001019"/>
</kw>
<return>
<value>${RESPONSE.json()}[_id]</value>
<status status="PASS" start="2025-03-29T15:07:48.469935" elapsed="0.001019"/>
</return>
<msg time="2025-03-29T15:07:48.473463" level="INFO">${ID} = bFg0kwzr0nsLSUWQ</msg>
<var>${ID}</var>
<doc>Envia Requisição GET de Lista de Usuários</doc>
<status status="PASS" start="2025-03-29T15:07:48.030236" elapsed="0.444226"/>
</kw>
<kw name="Enviar Requisição GET de Lista de Usuários" owner="cadastro_usuario_api_steps">
<kw name="Create Session" owner="RequestsLibrary">
<msg time="2025-03-29T15:07:48.478257" level="INFO">Creating Session using : alias=SERVEREST, url=https://serverest.dev, headers={},                     cookies={}, auth=None, timeout=15, proxies=None, verify=False,                     debug=0 </msg>
<arg>SERVEREST</arg>
<arg>${BASE_URL}</arg>
<arg>timeout=15</arg>
<doc>Create Session: create a HTTP session to a server</doc>
<status status="PASS" start="2025-03-29T15:07:48.476825" elapsed="0.002453"/>
</kw>
<kw name="Load Json From File" owner="JSONLibrary">
<msg time="2025-03-29T15:07:48.480278" level="INFO">${EMAIL} = {'nome': 'ROBOT_ALTUALIZADO', 'email': 'robot@example.com', 'password': 'senharobot', 'administrador': 'true'}</msg>
<var>${EMAIL}</var>
<arg>${CRIAR_USUARIO.JSON}</arg>
<doc>Load JSON from file.</doc>
<status status="PASS" start="2025-03-29T15:07:48.479278" elapsed="0.001000"/>
</kw>
<kw name="Create Dictionary" owner="BuiltIn">
<msg time="2025-03-29T15:07:48.481787" level="INFO">${PARAMS} = {'email': 'robot@example.com'}</msg>
<var>${PARAMS}</var>
<arg>email=${EMAIL}[email]</arg>
<doc>Creates and returns a dictionary based on the given ``items``.</doc>
<status status="PASS" start="2025-03-29T15:07:48.480278" elapsed="0.001509"/>
</kw>
<kw name="GET" owner="RequestsLibrary">
<msg time="2025-03-29T15:07:48.816275" level="INFO">GET Request : url=https://serverest.dev/usuarios?email=robot%40example.com 
 path_url=/usuarios?email=robot%40example.com 
 headers={'User-Agent': 'python-requests/2.32.3', 'Accept-Encoding': 'gzip, deflate', 'Accept': '*/*', 'Connection': 'keep-alive'} 
 body=None 
 </msg>
<msg time="2025-03-29T15:07:48.816275" level="INFO">GET Response : url=https://serverest.dev/usuarios?email=robot%40example.com 
 status=200, reason=OK 
 headers={'access-control-allow-origin': '*', 'x-dns-prefetch-control': 'off', 'x-frame-options': 'SAMEORIGIN', 'strict-transport-security': 'max-age=15552000; includeSubDomains', 'x-download-options': 'noopen', 'x-content-type-options': 'nosniff', 'x-xss-protection': '1; mode=block', 'content-type': 'application/json; charset=utf-8', 'x-cloud-trace-context': '7d1b9f10c25252f949bf9007cbc31159', 'date': 'Sat, 29 Mar 2025 18:07:48 GMT', 'server': 'Google Frontend', 'Content-Length': '264'} 
 body={
    "quantidade": 1,
    "usuarios": [
        {
            "nome": "ROBOT_ALTUALIZADO",
            "email": "robot@example.com",
            "password": "senharobot",
            "administrador": "true",
            "_id": "bFg0kwzr0nsLSUWQ"
        }
    ]
} 
 </msg>
<msg time="2025-03-29T15:07:48.817522" level="INFO">${RESPONSE} = &lt;Response [200]&gt;</msg>
<var>${RESPONSE}</var>
<arg>${BASE_URL}${URI.USUARIOS}</arg>
<arg>params=${PARAMS}</arg>
<arg>expected_status=200</arg>
<doc>Sends a GET request.</doc>
<status status="PASS" start="2025-03-29T15:07:48.482858" elapsed="0.334664"/>
</kw>
<kw name="Log" owner="BuiltIn">
<msg time="2025-03-29T15:07:48.818846" level="INFO">{'quantidade': 1, 'usuarios': [{'nome': 'ROBOT_ALTUALIZADO', 'email': 'robot@example.com', 'password': 'senharobot', 'administrador': 'true', '_id': 'bFg0kwzr0nsLSUWQ'}]}</msg>
<arg>${response.json()}</arg>
<doc>Logs the given message with the given level.</doc>
<status status="PASS" start="2025-03-29T15:07:48.817522" elapsed="0.002417"/>
</kw>
<return>
<value>${response.json()}</value>
<status status="PASS" start="2025-03-29T15:07:48.819939" elapsed="0.000000"/>
</return>
<doc>Envia Requisição GET de Lista de Usuários</doc>
<status status="PASS" start="2025-03-29T15:07:48.476825" elapsed="0.344154"/>
</kw>
<kw name="Enviar Requisição PUT de Alteração de Usuário alternando o NOME" owner="cadastro_usuario_api_steps">
<kw name="Create Session" owner="RequestsLibrary">
<msg time="2025-03-29T15:07:48.826272" level="INFO">Creating Session using : alias=SERVEREST, url=https://serverest.dev, headers={},                     cookies={}, auth=None, timeout=15, proxies=None, verify=False,                     debug=0 </msg>
<arg>SERVEREST</arg>
<arg>${BASE_URL}</arg>
<arg>timeout=15</arg>
<doc>Create Session: create a HTTP session to a server</doc>
<status status="PASS" start="2025-03-29T15:07:48.825272" elapsed="0.001999"/>
</kw>
<kw name="Load Json From File" owner="JSONLibrary">
<msg time="2025-03-29T15:07:48.828271" level="INFO">${payload} = {'nome': 'ROBOT', 'email': 'robot@example.com', 'password': 'senharobot', 'administrador': 'true'}</msg>
<var>${payload}</var>
<arg>${ATUALIZAR_USUARIO.JSON}</arg>
<doc>Load JSON from file.</doc>
<status status="PASS" start="2025-03-29T15:07:48.827271" elapsed="0.002134"/>
</kw>
<kw name="Create Dictionary" owner="BuiltIn">
<msg time="2025-03-29T15:07:48.829405" level="INFO">${headers} = {'Content-Type': 'application/json'}</msg>
<var>${headers}</var>
<arg>Content-Type=application/json</arg>
<doc>Creates and returns a dictionary based on the given ``items``.</doc>
<status status="PASS" start="2025-03-29T15:07:48.829405" elapsed="0.001009"/>
</kw>
<kw name="PUT" owner="RequestsLibrary">
<msg time="2025-03-29T15:07:49.171069" level="INFO">PUT Request : url=https://serverest.dev/usuarios/bFg0kwzr0nsLSUWQ 
 path_url=/usuarios/bFg0kwzr0nsLSUWQ 
 headers={'User-Agent': 'python-requests/2.32.3', 'Accept-Encoding': 'gzip, deflate', 'Accept': '*/*', 'Connection': 'keep-alive', 'Content-Type': 'application/json', 'Content-Length': '98'} 
 body=b'{"nome": "ROBOT", "email": "robot@example.com", "password": "senharobot", "administrador": "true"}' 
 </msg>
<msg time="2025-03-29T15:07:49.171069" level="INFO">PUT Response : url=https://serverest.dev/usuarios/bFg0kwzr0nsLSUWQ 
 status=200, reason=OK 
 headers={'access-control-allow-origin': '*', 'x-dns-prefetch-control': 'off', 'x-frame-options': 'SAMEORIGIN', 'strict-transport-security': 'max-age=15552000; includeSubDomains', 'x-download-options': 'noopen', 'x-content-type-options': 'nosniff', 'x-xss-protection': '1; mode=block', 'content-type': 'application/json; charset=utf-8', 'x-cloud-trace-context': '0e903364c5a314532e1363ec161b5ec8', 'date': 'Sat, 29 Mar 2025 18:07:49 GMT', 'server': 'Google Frontend', 'Content-Length': '50'} 
 body={
    "message": "Registro alterado com sucesso"
} 
 </msg>
<msg time="2025-03-29T15:07:49.172123" level="INFO">${RESPONSE} = &lt;Response [200]&gt;</msg>
<var>${RESPONSE}</var>
<arg>${BASE_URL}${URI.USUARIOS}/${ID_USUARIO}</arg>
<arg>json=${payload}</arg>
<arg>headers=${headers}</arg>
<arg>expected_status=200</arg>
<doc>Sends a PUT request.</doc>
<status status="PASS" start="2025-03-29T15:07:48.830414" elapsed="0.341709"/>
</kw>
<kw name="Log" owner="BuiltIn">
<msg time="2025-03-29T15:07:49.173699" level="INFO">{'message': 'Registro alterado com sucesso'}</msg>
<arg>${response.json()}</arg>
<doc>Logs the given message with the given level.</doc>
<status status="PASS" start="2025-03-29T15:07:49.172123" elapsed="0.002667"/>
</kw>
<kw name="Should Be Equal" owner="BuiltIn">
<arg>${RESPONSE.json()}[message]</arg>
<arg>Registro alterado com sucesso</arg>
<doc>Fails if the given objects are unequal.</doc>
<status status="PASS" start="2025-03-29T15:07:49.174790" elapsed="0.001133"/>
</kw>
<return>
<value>${response.json()}</value>
<status status="PASS" start="2025-03-29T15:07:49.175923" elapsed="0.000000"/>
</return>
<arg>${ID}</arg>
<doc>Envia Requisição PUT de Alteração de Usuário alternando o NOME</doc>
<status status="PASS" start="2025-03-29T15:07:48.824271" elapsed="0.352744"/>
</kw>
<kw name="Enviar Requisição DELETE de Excluir Usuários" owner="cadastro_usuario_api_steps">
<kw name="Create Session" owner="RequestsLibrary">
<msg time="2025-03-29T15:07:49.179391" level="INFO">Creating Session using : alias=SERVEREST, url=https://serverest.dev, headers={},                     cookies={}, auth=None, timeout=15, proxies=None, verify=False,                     debug=0 </msg>
<arg>SERVEREST</arg>
<arg>${BASE_URL}</arg>
<arg>timeout=15</arg>
<doc>Create Session: create a HTTP session to a server</doc>
<status status="PASS" start="2025-03-29T15:07:49.179391" elapsed="0.001014"/>
</kw>
<kw name="DELETE" owner="RequestsLibrary">
<msg time="2025-03-29T15:07:49.506359" level="INFO">DELETE Request : url=https://serverest.dev/usuarios/bFg0kwzr0nsLSUWQ 
 path_url=/usuarios/bFg0kwzr0nsLSUWQ 
 headers={'User-Agent': 'python-requests/2.32.3', 'Accept-Encoding': 'gzip, deflate', 'Accept': '*/*', 'Connection': 'keep-alive', 'Content-Length': '0'} 
 body=None 
 </msg>
<msg time="2025-03-29T15:07:49.507380" level="INFO">DELETE Response : url=https://serverest.dev/usuarios/bFg0kwzr0nsLSUWQ 
 status=200, reason=OK 
 headers={'access-control-allow-origin': '*', 'x-dns-prefetch-control': 'off', 'x-frame-options': 'SAMEORIGIN', 'strict-transport-security': 'max-age=15552000; includeSubDomains', 'x-download-options': 'noopen', 'x-content-type-options': 'nosniff', 'x-xss-protection': '1; mode=block', 'content-type': 'application/json; charset=utf-8', 'x-cloud-trace-context': '369dae08f7e26b919b3a855bd44c8997', 'date': 'Sat, 29 Mar 2025 18:07:49 GMT', 'server': 'Google Frontend', 'Content-Length': '51'} 
 body={
    "message": "Registro excluído com sucesso"
} 
 </msg>
<msg time="2025-03-29T15:07:49.508395" level="INFO">${RESPONSE} = &lt;Response [200]&gt;</msg>
<var>${RESPONSE}</var>
<arg>${BASE_URL}${URI.USUARIOS}/${ID_USUARIO}</arg>
<arg>expected_status=200</arg>
<doc>Sends a DELETE request.</doc>
<status status="PASS" start="2025-03-29T15:07:49.180405" elapsed="0.327990"/>
</kw>
<kw name="Log" owner="BuiltIn">
<msg time="2025-03-29T15:07:49.510396" level="INFO">{'message': 'Registro excluído com sucesso'}</msg>
<arg>${RESPONSE.json()}</arg>
<doc>Logs the given message with the given level.</doc>
<status status="PASS" start="2025-03-29T15:07:49.509396" elapsed="0.001000"/>
</kw>
<kw name="Should Be Equal" owner="BuiltIn">
<arg>${RESPONSE.json()}[message]</arg>
<arg>Registro excluído com sucesso</arg>
<doc>Fails if the given objects are unequal.</doc>
<status status="PASS" start="2025-03-29T15:07:49.511910" elapsed="0.001125"/>
</kw>
<arg>${ID}</arg>
<doc>Envia Requisição DELETE de Excluir Usuários</doc>
<status status="PASS" start="2025-03-29T15:07:49.178028" elapsed="0.335007"/>
</kw>
<status status="PASS" start="2025-03-29T15:07:48.029231" elapsed="1.484254"/>
</test>
<status status="PASS" start="2025-03-29T15:07:47.832042" elapsed="1.683780"/>
</suite>
<statistics>
<total>
<stat pass="1" fail="0" skip="0">All Tests</stat>
</total>
<tag>
</tag>
<suite>
<stat name="Cadastro Usuario Api Tests" id="s1" pass="1" fail="0" skip="0">Cadastro Usuario Api Tests</stat>
</suite>
</statistics>
<errors>
</errors>
</robot>
