<?xml version="1.0" encoding="UTF-8"?>
<robot generator="Robot 7.2.2 (Python 3.11.4 on win32)" generated="2025-03-31T08:52:27.612995" rpa="false" schemaversion="5">
<suite id="s1" name="Tests E2E" source="C:\GitHub\QA-Robot_SeverRest\tests\serverestDev\e2e\tests_e2e.robot">
<test id="s1-t1" name="Verifica o cadastro de usuários na area logada" line="11">
<kw name="eu acesso o site" owner="commons" type="SETUP">
<kw name="Open Browser" owner="SeleniumLibrary">
<msg time="2025-03-31T08:52:28.238023" level="INFO">Opening browser 'chrome' to base url 'https://front.serverest.dev/'.</msg>
<arg>${URL_serverestDev}</arg>
<arg>${BROWSER}</arg>
<arg>options=add_argument("${HEADLESS}")</arg>
<doc>Opens a new browser instance to the optional ``url``.</doc>
<status status="PASS" start="2025-03-31T08:52:28.238023" elapsed="3.711836"/>
</kw>
<kw name="Maximize Browser Window" owner="SeleniumLibrary">
<doc>Maximizes current browser window.</doc>
<status status="PASS" start="2025-03-31T08:52:31.950859" elapsed="0.030171"/>
</kw>
<status status="PASS" start="2025-03-31T08:52:28.238023" elapsed="3.743007"/>
</kw>
<kw name="Configurar usuário antes do inicio dos testes" owner="usuarios_api_steps">
<kw name="Enviar Requisição GET de Lista de Usuários" owner="usuarios_api_steps">
<kw name="Load Json From File" owner="JSONLibrary">
<msg time="2025-03-31T08:52:31.982536" level="INFO">${EMAIL} = {'nome': 'ROBOT', 'email': 'robot@example.com', 'password': 'senharobot', 'administrador': 'true'}</msg>
<var>${EMAIL}</var>
<arg>${CRIAR_USUARIO.JSON}</arg>
<doc>Load JSON from file.</doc>
<status status="PASS" start="2025-03-31T08:52:31.982536" elapsed="0.000000"/>
</kw>
<kw name="Create Dictionary" owner="BuiltIn">
<msg time="2025-03-31T08:52:31.982536" level="INFO">${PARAMS} = {'email': 'robot@example.com'}</msg>
<var>${PARAMS}</var>
<arg>email=${EMAIL}[email]</arg>
<doc>Creates and returns a dictionary based on the given ``items``.</doc>
<status status="PASS" start="2025-03-31T08:52:31.982536" elapsed="0.000000"/>
</kw>
<kw name="GET" owner="RequestsLibrary">
<msg time="2025-03-31T08:52:32.904772" level="INFO">GET Request : url=https://serverest.dev/usuarios?email=robot%40example.com 
 path_url=/usuarios?email=robot%40example.com 
 headers={'User-Agent': 'python-requests/2.32.3', 'Accept-Encoding': 'gzip, deflate', 'Accept': '*/*', 'Connection': 'keep-alive'} 
 body=None 
 </msg>
<msg time="2025-03-31T08:52:32.904772" level="INFO">GET Response : url=https://serverest.dev/usuarios?email=robot%40example.com 
 status=200, reason=OK 
 headers={'access-control-allow-origin': '*', 'x-dns-prefetch-control': 'off', 'x-frame-options': 'SAMEORIGIN', 'strict-transport-security': 'max-age=15552000; includeSubDomains', 'x-download-options': 'noopen', 'x-content-type-options': 'nosniff', 'x-xss-protection': '1; mode=block', 'content-type': 'application/json; charset=utf-8', 'x-cloud-trace-context': 'ad79f911d8cf9283381cb294956cdeef;o=1', 'date': 'Mon, 31 Mar 2025 11:52:32 GMT', 'server': 'Google Frontend', 'Content-Length': '43'} 
 body={
    "quantidade": 0,
    "usuarios": []
} 
 </msg>
<msg time="2025-03-31T08:52:32.904772" level="INFO">${RESPONSE} = &lt;Response [200]&gt;</msg>
<var>${RESPONSE}</var>
<arg>${BASE_URL}${URI.USUARIOS}</arg>
<arg>params=${PARAMS}</arg>
<arg>expected_status=200</arg>
<doc>Sends a GET request.</doc>
<status status="PASS" start="2025-03-31T08:52:31.982536" elapsed="0.922236"/>
</kw>
<kw name="Log" owner="BuiltIn">
<msg time="2025-03-31T08:52:32.904772" level="INFO">{'quantidade': 0, 'usuarios': []}</msg>
<arg>${response.json()}</arg>
<doc>Logs the given message with the given level.</doc>
<status status="PASS" start="2025-03-31T08:52:32.904772" elapsed="0.003371"/>
</kw>
<kw name="Set Variable" owner="BuiltIn">
<msg time="2025-03-31T08:52:32.908143" level="INFO">${JSON_CONTENT} = {'quantidade': 0, 'usuarios': []}</msg>
<var>${JSON_CONTENT}</var>
<arg>${response.json()}</arg>
<doc>Returns the given values which can then be assigned to a variables.</doc>
<status status="PASS" start="2025-03-31T08:52:32.908143" elapsed="0.000000"/>
</kw>
<kw name="Set Variable" owner="BuiltIn">
<msg time="2025-03-31T08:52:32.910232" level="INFO">${JSON_QUANTIDADE} = 0</msg>
<var>${JSON_QUANTIDADE}</var>
<arg>${response.json()}[quantidade]</arg>
<doc>Returns the given values which can then be assigned to a variables.</doc>
<status status="PASS" start="2025-03-31T08:52:32.910232" elapsed="0.000000"/>
</kw>
<if>
<branch type="IF" condition="${JSON_QUANTIDADE} != 0">
<kw name="Get From Dictionary" owner="Collections">
<var>${USUARIOS}</var>
<arg>${JSON_CONTENT}</arg>
<arg>usuarios</arg>
<doc>Returns a value from the given ``dictionary`` based on the given ``key``.</doc>
<status status="NOT RUN" start="2025-03-31T08:52:32.910232" elapsed="0.000000"/>
</kw>
<kw name="Get From Dictionary" owner="Collections">
<var>${ID_USUARIO}</var>
<arg>${USUARIOS[0]}</arg>
<arg>_id</arg>
<doc>Returns a value from the given ``dictionary`` based on the given ``key``.</doc>
<status status="NOT RUN" start="2025-03-31T08:52:32.912965" elapsed="0.000000"/>
</kw>
<return>
<value>${ID_USUARIO}</value>
<status status="NOT RUN" start="2025-03-31T08:52:32.912965" elapsed="0.000000"/>
</return>
<status status="NOT RUN" start="2025-03-31T08:52:32.910232" elapsed="0.002733"/>
</branch>
<branch type="ELSE">
<return>
<value>teste</value>
<status status="PASS" start="2025-03-31T08:52:32.912965" elapsed="0.000000"/>
</return>
<status status="PASS" start="2025-03-31T08:52:32.912965" elapsed="0.000000"/>
</branch>
<status status="PASS" start="2025-03-31T08:52:32.910232" elapsed="0.002733"/>
</if>
<msg time="2025-03-31T08:52:32.912965" level="INFO">${ID_ANTIGO} = teste</msg>
<var>${ID_ANTIGO}</var>
<doc>Envia Requisição GET de Lista de Usuários</doc>
<status status="PASS" start="2025-03-31T08:52:31.981030" elapsed="0.931935"/>
</kw>
<kw name="Enviar Requisição DELETE de Excluir Usuários" owner="usuarios_api_steps">
<kw name="DELETE" owner="RequestsLibrary">
<msg time="2025-03-31T08:52:33.352722" level="INFO">DELETE Request : url=https://serverest.dev/usuarios/teste 
 path_url=/usuarios/teste 
 headers={'User-Agent': 'python-requests/2.32.3', 'Accept-Encoding': 'gzip, deflate', 'Accept': '*/*', 'Connection': 'keep-alive', 'Content-Length': '0'} 
 body=None 
 </msg>
<msg time="2025-03-31T08:52:33.352722" level="INFO">DELETE Response : url=https://serverest.dev/usuarios/teste 
 status=200, reason=OK 
 headers={'access-control-allow-origin': '*', 'x-dns-prefetch-control': 'off', 'x-frame-options': 'SAMEORIGIN', 'strict-transport-security': 'max-age=15552000; includeSubDomains', 'x-download-options': 'noopen', 'x-content-type-options': 'nosniff', 'x-xss-protection': '1; mode=block', 'content-type': 'application/json; charset=utf-8', 'x-cloud-trace-context': '4f5737a4bd7c0ce6c83a0309eeccc8d8', 'date': 'Mon, 31 Mar 2025 11:52:33 GMT', 'server': 'Google Frontend', 'Content-Length': '46'} 
 body={
    "message": "Nenhum registro excluído"
} 
 </msg>
<msg time="2025-03-31T08:52:33.352722" level="INFO">${RESPONSE} = &lt;Response [200]&gt;</msg>
<var>${RESPONSE}</var>
<arg>${BASE_URL}${URI.USUARIOS}/${ID_USUARIO}</arg>
<arg>expected_status=200</arg>
<doc>Sends a DELETE request.</doc>
<status status="PASS" start="2025-03-31T08:52:32.912965" elapsed="0.439757"/>
</kw>
<kw name="Log" owner="BuiltIn">
<msg time="2025-03-31T08:52:33.352722" level="INFO">{'message': 'Nenhum registro excluído'}</msg>
<arg>${RESPONSE.json()}</arg>
<doc>Logs the given message with the given level.</doc>
<status status="PASS" start="2025-03-31T08:52:33.352722" elapsed="0.000000"/>
</kw>
<kw name="Set Variable" owner="BuiltIn">
<msg time="2025-03-31T08:52:33.352722" level="INFO">${JSON_CONTENT} = {'message': 'Nenhum registro excluído'}</msg>
<var>${JSON_CONTENT}</var>
<arg>${response.json()}</arg>
<doc>Returns the given values which can then be assigned to a variables.</doc>
<status status="PASS" start="2025-03-31T08:52:33.352722" elapsed="0.000000"/>
</kw>
<kw name="Set Variable" owner="BuiltIn">
<msg time="2025-03-31T08:52:33.352722" level="INFO">${JSON_MESSAGE} = Nenhum registro excluído</msg>
<var>${JSON_MESSAGE}</var>
<arg>${RESPONSE.json()}[message]</arg>
<doc>Returns the given values which can then be assigned to a variables.</doc>
<status status="PASS" start="2025-03-31T08:52:33.352722" elapsed="0.000000"/>
</kw>
<if>
<branch type="IF" condition="($JSON_MESSAGE == &quot;Registro excluído com sucesso&quot;)">
<kw name="Log" owner="BuiltIn">
<arg>Registro excluído com sucesso</arg>
<doc>Logs the given message with the given level.</doc>
<status status="NOT RUN" start="2025-03-31T08:52:33.352722" elapsed="0.000000"/>
</kw>
<return>
<value>Registro excluído com sucesso</value>
<status status="NOT RUN" start="2025-03-31T08:52:33.352722" elapsed="0.005779"/>
</return>
<status status="NOT RUN" start="2025-03-31T08:52:33.352722" elapsed="0.005779"/>
</branch>
<branch type="ELSE IF" condition="($JSON_MESSAGE == &quot;Nenhum registro excluído&quot;)">
<kw name="Log" owner="BuiltIn">
<msg time="2025-03-31T08:52:33.358501" level="INFO">Nenhum registro excluído</msg>
<arg>Nenhum registro excluído</arg>
<doc>Logs the given message with the given level.</doc>
<status status="PASS" start="2025-03-31T08:52:33.358501" elapsed="0.000000"/>
</kw>
<return>
<value>Nenhum registro excluído</value>
<status status="PASS" start="2025-03-31T08:52:33.358501" elapsed="0.000000"/>
</return>
<status status="PASS" start="2025-03-31T08:52:33.358501" elapsed="0.000625"/>
</branch>
<branch type="ELSE">
<kw name="Fail" owner="BuiltIn">
<arg>A resposta não contém as mensagens esperadas.</arg>
<doc>Fails the test with the given message and optionally alters its tags.</doc>
<status status="NOT RUN" start="2025-03-31T08:52:33.359126" elapsed="0.000000"/>
</kw>
<status status="NOT RUN" start="2025-03-31T08:52:33.359126" elapsed="0.000000"/>
</branch>
<status status="PASS" start="2025-03-31T08:52:33.352722" elapsed="0.006404"/>
</if>
<arg>${ID_ANTIGO}</arg>
<doc>Envia Requisição DELETE de Excluir Usuários</doc>
<status status="PASS" start="2025-03-31T08:52:32.912965" elapsed="0.446161"/>
</kw>
<kw name="Enviar Requisição POST de Criação de Usuários" owner="usuarios_api_steps">
<kw name="Load Json From File" owner="JSONLibrary">
<msg time="2025-03-31T08:52:33.360308" level="INFO">${payload} = {'nome': 'ROBOT', 'email': 'robot@example.com', 'password': 'senharobot', 'administrador': 'true'}</msg>
<var>${payload}</var>
<arg>${CRIAR_USUARIO.JSON}</arg>
<doc>Load JSON from file.</doc>
<status status="PASS" start="2025-03-31T08:52:33.360308" elapsed="0.000000"/>
</kw>
<kw name="Create Dictionary" owner="BuiltIn">
<msg time="2025-03-31T08:52:33.361321" level="INFO">${headers} = {'Content-Type': 'application/json'}</msg>
<var>${headers}</var>
<arg>Content-Type=application/json</arg>
<doc>Creates and returns a dictionary based on the given ``items``.</doc>
<status status="PASS" start="2025-03-31T08:52:33.360308" elapsed="0.001013"/>
</kw>
<kw name="POST" owner="RequestsLibrary">
<msg time="2025-03-31T08:52:33.740826" level="INFO">POST Request : url=https://serverest.dev/usuarios 
 path_url=/usuarios 
 headers={'User-Agent': 'python-requests/2.32.3', 'Accept-Encoding': 'gzip, deflate', 'Accept': '*/*', 'Connection': 'keep-alive', 'Content-Type': 'application/json', 'Content-Length': '98'} 
 body=b'{"nome": "ROBOT", "email": "robot@example.com", "password": "senharobot", "administrador": "true"}' 
 </msg>
<msg time="2025-03-31T08:52:33.740826" level="INFO">POST Response : url=https://serverest.dev/usuarios 
 status=201, reason=Created 
 headers={'access-control-allow-origin': '*', 'x-dns-prefetch-control': 'off', 'x-frame-options': 'SAMEORIGIN', 'strict-transport-security': 'max-age=15552000; includeSubDomains', 'x-download-options': 'noopen', 'x-content-type-options': 'nosniff', 'x-xss-protection': '1; mode=block', 'content-type': 'application/json; charset=utf-8', 'x-cloud-trace-context': '86f4d4264c41c291be4d60ff11b068fe', 'date': 'Mon, 31 Mar 2025 11:52:33 GMT', 'server': 'Google Frontend', 'Content-Length': '82'} 
 body={
    "message": "Cadastro realizado com sucesso",
    "_id": "7OZGnWJmlvTZBPoV"
} 
 </msg>
<msg time="2025-03-31T08:52:33.740826" level="INFO">${RESPONSE} = &lt;Response [201]&gt;</msg>
<var>${RESPONSE}</var>
<arg>${BASE_URL}${URI.USUARIOS}</arg>
<arg>json=${payload}</arg>
<arg>headers=${headers}</arg>
<arg>expected_status=anything</arg>
<doc>Sends a POST request.</doc>
<status status="PASS" start="2025-03-31T08:52:33.361321" elapsed="0.379505"/>
</kw>
<kw name="Log" owner="BuiltIn">
<msg time="2025-03-31T08:52:33.741833" level="INFO">{'message': 'Cadastro realizado com sucesso', '_id': '7OZGnWJmlvTZBPoV'}</msg>
<arg>${RESPONSE.json()}</arg>
<doc>Logs the given message with the given level.</doc>
<status status="PASS" start="2025-03-31T08:52:33.740826" elapsed="0.001007"/>
</kw>
<kw name="Set Variable" owner="BuiltIn">
<msg time="2025-03-31T08:52:33.743072" level="INFO">${JSON_CONTENT} = {'message': 'Cadastro realizado com sucesso', '_id': '7OZGnWJmlvTZBPoV'}</msg>
<var>${JSON_CONTENT}</var>
<arg>${RESPONSE.json()}</arg>
<doc>Returns the given values which can then be assigned to a variables.</doc>
<status status="PASS" start="2025-03-31T08:52:33.741833" elapsed="0.001239"/>
</kw>
<kw name="Set Variable" owner="BuiltIn">
<msg time="2025-03-31T08:52:33.744088" level="INFO">${JSON_MESSAGE} = Cadastro realizado com sucesso</msg>
<var>${JSON_MESSAGE}</var>
<arg>${RESPONSE.json()}[message]</arg>
<doc>Returns the given values which can then be assigned to a variables.</doc>
<status status="PASS" start="2025-03-31T08:52:33.743072" elapsed="0.001016"/>
</kw>
<if>
<branch type="IF" condition="($JSON_MESSAGE == &quot;Cadastro realizado com sucesso&quot;)">
<kw name="Log" owner="BuiltIn">
<msg time="2025-03-31T08:52:33.744088" level="INFO">Cadastro realizado com sucesso</msg>
<arg>Cadastro realizado com sucesso</arg>
<doc>Logs the given message with the given level.</doc>
<status status="PASS" start="2025-03-31T08:52:33.744088" elapsed="0.000000"/>
</kw>
<kw name="Get From Dictionary" owner="Collections">
<msg time="2025-03-31T08:52:33.744088" level="INFO">${ID_USUARIO} = 7OZGnWJmlvTZBPoV</msg>
<var>${ID_USUARIO}</var>
<arg>${JSON_CONTENT}</arg>
<arg>_id</arg>
<arg>default=None</arg>
<doc>Returns a value from the given ``dictionary`` based on the given ``key``.</doc>
<status status="PASS" start="2025-03-31T08:52:33.744088" elapsed="0.000000"/>
</kw>
<return>
<value>${ID_USUARIO}</value>
<status status="PASS" start="2025-03-31T08:52:33.744088" elapsed="0.000000"/>
</return>
<status status="PASS" start="2025-03-31T08:52:33.744088" elapsed="0.000000"/>
</branch>
<branch type="ELSE IF" condition="($JSON_MESSAGE == &quot;Este email já está sendo usado&quot;)">
<kw name="Log" owner="BuiltIn">
<arg>Este email já está sendo usado</arg>
<doc>Logs the given message with the given level.</doc>
<status status="NOT RUN" start="2025-03-31T08:52:33.745094" elapsed="0.000000"/>
</kw>
<return>
<value>${JSON_MESSAGE}</value>
<status status="NOT RUN" start="2025-03-31T08:52:33.745094" elapsed="0.000000"/>
</return>
<status status="NOT RUN" start="2025-03-31T08:52:33.745094" elapsed="0.000000"/>
</branch>
<branch type="ELSE">
<kw name="Fail" owner="BuiltIn">
<arg>A resposta não contém as mensagens esperadas.</arg>
<doc>Fails the test with the given message and optionally alters its tags.</doc>
<status status="NOT RUN" start="2025-03-31T08:52:33.745094" elapsed="0.000000"/>
</kw>
<status status="NOT RUN" start="2025-03-31T08:52:33.745094" elapsed="0.000000"/>
</branch>
<status status="PASS" start="2025-03-31T08:52:33.744088" elapsed="0.001006"/>
</if>
<msg time="2025-03-31T08:52:33.745094" level="INFO">${ID_NOVO} = 7OZGnWJmlvTZBPoV</msg>
<var>${ID_NOVO}</var>
<doc>Envia Requisição GET de Lista de Usuários</doc>
<status status="PASS" start="2025-03-31T08:52:33.359126" elapsed="0.385968"/>
</kw>
<kw name="Enviar Requisição PUT de Alteração de Usuário alternando o NOME" owner="usuarios_api_steps">
<kw name="Load Json From File" owner="JSONLibrary">
<msg time="2025-03-31T08:52:33.747451" level="INFO">${payload} = {'nome': 'ROBOT_ATUALIZAR', 'email': 'robot@example.com', 'password': 'senharobot', 'administrador': 'false'}</msg>
<var>${payload}</var>
<arg>${ATUALIZAR_USUARIO.JSON}</arg>
<doc>Load JSON from file.</doc>
<status status="PASS" start="2025-03-31T08:52:33.747451" elapsed="0.000000"/>
</kw>
<kw name="Create Dictionary" owner="BuiltIn">
<msg time="2025-03-31T08:52:33.747451" level="INFO">${headers} = {'Content-Type': 'application/json'}</msg>
<var>${headers}</var>
<arg>Content-Type=application/json</arg>
<doc>Creates and returns a dictionary based on the given ``items``.</doc>
<status status="PASS" start="2025-03-31T08:52:33.747451" elapsed="0.000000"/>
</kw>
<kw name="PUT" owner="RequestsLibrary">
<msg time="2025-03-31T08:52:34.114777" level="INFO">PUT Request : url=https://serverest.dev/usuarios/7OZGnWJmlvTZBPoV 
 path_url=/usuarios/7OZGnWJmlvTZBPoV 
 headers={'User-Agent': 'python-requests/2.32.3', 'Accept-Encoding': 'gzip, deflate', 'Accept': '*/*', 'Connection': 'keep-alive', 'Content-Type': 'application/json', 'Content-Length': '109'} 
 body=b'{"nome": "ROBOT_ATUALIZAR", "email": "robot@example.com", "password": "senharobot", "administrador": "false"}' 
 </msg>
<msg time="2025-03-31T08:52:34.115875" level="INFO">PUT Response : url=https://serverest.dev/usuarios/7OZGnWJmlvTZBPoV 
 status=200, reason=OK 
 headers={'access-control-allow-origin': '*', 'x-dns-prefetch-control': 'off', 'x-frame-options': 'SAMEORIGIN', 'strict-transport-security': 'max-age=15552000; includeSubDomains', 'x-download-options': 'noopen', 'x-content-type-options': 'nosniff', 'x-xss-protection': '1; mode=block', 'content-type': 'application/json; charset=utf-8', 'x-cloud-trace-context': 'd3bfffcddffc7e35332e8fa4cb52ce00', 'date': 'Mon, 31 Mar 2025 11:52:34 GMT', 'server': 'Google Frontend', 'Content-Length': '50'} 
 body={
    "message": "Registro alterado com sucesso"
} 
 </msg>
<msg time="2025-03-31T08:52:34.115875" level="INFO">${RESPONSE} = &lt;Response [200]&gt;</msg>
<var>${RESPONSE}</var>
<arg>${BASE_URL}${URI.USUARIOS}/${ID_USUARIO}</arg>
<arg>json=${payload}</arg>
<arg>headers=${headers}</arg>
<arg>expected_status=200</arg>
<doc>Sends a PUT request.</doc>
<status status="PASS" start="2025-03-31T08:52:33.747451" elapsed="0.368424"/>
</kw>
<kw name="Log" owner="BuiltIn">
<msg time="2025-03-31T08:52:34.115875" level="INFO">{'message': 'Registro alterado com sucesso'}</msg>
<arg>${response.json()}</arg>
<doc>Logs the given message with the given level.</doc>
<status status="PASS" start="2025-03-31T08:52:34.115875" elapsed="0.000000"/>
</kw>
<kw name="Should Be Equal" owner="BuiltIn">
<arg>${RESPONSE.json()}[message]</arg>
<arg>Registro alterado com sucesso</arg>
<doc>Fails if the given objects are unequal.</doc>
<status status="PASS" start="2025-03-31T08:52:34.117883" elapsed="0.000000"/>
</kw>
<return>
<value>${response.json()}</value>
<status status="PASS" start="2025-03-31T08:52:34.117883" elapsed="0.000000"/>
</return>
<arg>${ID_NOVO}</arg>
<doc>Envia Requisição PUT de Alteração de Usuário alternando o NOME</doc>
<status status="PASS" start="2025-03-31T08:52:33.745094" elapsed="0.372789"/>
</kw>
<kw name="Enviar Requisição DELETE de Excluir Usuários" owner="usuarios_api_steps">
<kw name="DELETE" owner="RequestsLibrary">
<msg time="2025-03-31T08:52:34.508977" level="INFO">DELETE Request : url=https://serverest.dev/usuarios/7OZGnWJmlvTZBPoV 
 path_url=/usuarios/7OZGnWJmlvTZBPoV 
 headers={'User-Agent': 'python-requests/2.32.3', 'Accept-Encoding': 'gzip, deflate', 'Accept': '*/*', 'Connection': 'keep-alive', 'Content-Length': '0'} 
 body=None 
 </msg>
<msg time="2025-03-31T08:52:34.509483" level="INFO">DELETE Response : url=https://serverest.dev/usuarios/7OZGnWJmlvTZBPoV 
 status=200, reason=OK 
 headers={'access-control-allow-origin': '*', 'x-dns-prefetch-control': 'off', 'x-frame-options': 'SAMEORIGIN', 'strict-transport-security': 'max-age=15552000; includeSubDomains', 'x-download-options': 'noopen', 'x-content-type-options': 'nosniff', 'x-xss-protection': '1; mode=block', 'content-type': 'application/json; charset=utf-8', 'x-cloud-trace-context': 'b9ebc3b443ed27cb3fdf46a50c482141', 'date': 'Mon, 31 Mar 2025 11:52:34 GMT', 'server': 'Google Frontend', 'Content-Length': '51'} 
 body={
    "message": "Registro excluído com sucesso"
} 
 </msg>
<msg time="2025-03-31T08:52:34.509483" level="INFO">${RESPONSE} = &lt;Response [200]&gt;</msg>
<var>${RESPONSE}</var>
<arg>${BASE_URL}${URI.USUARIOS}/${ID_USUARIO}</arg>
<arg>expected_status=200</arg>
<doc>Sends a DELETE request.</doc>
<status status="PASS" start="2025-03-31T08:52:34.117883" elapsed="0.391600"/>
</kw>
<kw name="Log" owner="BuiltIn">
<msg time="2025-03-31T08:52:34.509483" level="INFO">{'message': 'Registro excluído com sucesso'}</msg>
<arg>${RESPONSE.json()}</arg>
<doc>Logs the given message with the given level.</doc>
<status status="PASS" start="2025-03-31T08:52:34.509483" elapsed="0.000000"/>
</kw>
<kw name="Set Variable" owner="BuiltIn">
<msg time="2025-03-31T08:52:34.510487" level="INFO">${JSON_CONTENT} = {'message': 'Registro excluído com sucesso'}</msg>
<var>${JSON_CONTENT}</var>
<arg>${response.json()}</arg>
<doc>Returns the given values which can then be assigned to a variables.</doc>
<status status="PASS" start="2025-03-31T08:52:34.510487" elapsed="0.000000"/>
</kw>
<kw name="Set Variable" owner="BuiltIn">
<msg time="2025-03-31T08:52:34.511486" level="INFO">${JSON_MESSAGE} = Registro excluído com sucesso</msg>
<var>${JSON_MESSAGE}</var>
<arg>${RESPONSE.json()}[message]</arg>
<doc>Returns the given values which can then be assigned to a variables.</doc>
<status status="PASS" start="2025-03-31T08:52:34.510487" elapsed="0.000999"/>
</kw>
<if>
<branch type="IF" condition="($JSON_MESSAGE == &quot;Registro excluído com sucesso&quot;)">
<kw name="Log" owner="BuiltIn">
<msg time="2025-03-31T08:52:34.511486" level="INFO">Registro excluído com sucesso</msg>
<arg>Registro excluído com sucesso</arg>
<doc>Logs the given message with the given level.</doc>
<status status="PASS" start="2025-03-31T08:52:34.511486" elapsed="0.000000"/>
</kw>
<return>
<value>Registro excluído com sucesso</value>
<status status="PASS" start="2025-03-31T08:52:34.511486" elapsed="0.000000"/>
</return>
<status status="PASS" start="2025-03-31T08:52:34.511486" elapsed="0.000000"/>
</branch>
<branch type="ELSE IF" condition="($JSON_MESSAGE == &quot;Nenhum registro excluído&quot;)">
<kw name="Log" owner="BuiltIn">
<arg>Nenhum registro excluído</arg>
<doc>Logs the given message with the given level.</doc>
<status status="NOT RUN" start="2025-03-31T08:52:34.511486" elapsed="0.000000"/>
</kw>
<return>
<value>Nenhum registro excluído</value>
<status status="NOT RUN" start="2025-03-31T08:52:34.511486" elapsed="0.000000"/>
</return>
<status status="NOT RUN" start="2025-03-31T08:52:34.511486" elapsed="0.000000"/>
</branch>
<branch type="ELSE">
<kw name="Fail" owner="BuiltIn">
<arg>A resposta não contém as mensagens esperadas.</arg>
<doc>Fails the test with the given message and optionally alters its tags.</doc>
<status status="NOT RUN" start="2025-03-31T08:52:34.512486" elapsed="0.000000"/>
</kw>
<status status="NOT RUN" start="2025-03-31T08:52:34.511486" elapsed="0.001000"/>
</branch>
<status status="PASS" start="2025-03-31T08:52:34.511486" elapsed="0.001000"/>
</if>
<arg>${ID_NOVO}</arg>
<doc>Envia Requisição DELETE de Excluir Usuários</doc>
<status status="PASS" start="2025-03-31T08:52:34.117883" elapsed="0.394603"/>
</kw>
<status status="PASS" start="2025-03-31T08:52:31.981030" elapsed="2.531456"/>
</kw>
<kw name="Enviar Requisição POST de Criação de Usuários" owner="usuarios_api_steps">
<kw name="Load Json From File" owner="JSONLibrary">
<msg time="2025-03-31T08:52:34.514189" level="INFO">${payload} = {'nome': 'ROBOT', 'email': 'robot@example.com', 'password': 'senharobot', 'administrador': 'true'}</msg>
<var>${payload}</var>
<arg>${CRIAR_USUARIO.JSON}</arg>
<doc>Load JSON from file.</doc>
<status status="PASS" start="2025-03-31T08:52:34.512993" elapsed="0.001196"/>
</kw>
<kw name="Create Dictionary" owner="BuiltIn">
<msg time="2025-03-31T08:52:34.514189" level="INFO">${headers} = {'Content-Type': 'application/json'}</msg>
<var>${headers}</var>
<arg>Content-Type=application/json</arg>
<doc>Creates and returns a dictionary based on the given ``items``.</doc>
<status status="PASS" start="2025-03-31T08:52:34.514189" elapsed="0.000000"/>
</kw>
<kw name="POST" owner="RequestsLibrary">
<msg time="2025-03-31T08:52:34.960778" level="INFO">POST Request : url=https://serverest.dev/usuarios 
 path_url=/usuarios 
 headers={'User-Agent': 'python-requests/2.32.3', 'Accept-Encoding': 'gzip, deflate', 'Accept': '*/*', 'Connection': 'keep-alive', 'Content-Type': 'application/json', 'Content-Length': '98'} 
 body=b'{"nome": "ROBOT", "email": "robot@example.com", "password": "senharobot", "administrador": "true"}' 
 </msg>
<msg time="2025-03-31T08:52:34.960778" level="INFO">POST Response : url=https://serverest.dev/usuarios 
 status=201, reason=Created 
 headers={'access-control-allow-origin': '*', 'x-dns-prefetch-control': 'off', 'x-frame-options': 'SAMEORIGIN', 'strict-transport-security': 'max-age=15552000; includeSubDomains', 'x-download-options': 'noopen', 'x-content-type-options': 'nosniff', 'x-xss-protection': '1; mode=block', 'content-type': 'application/json; charset=utf-8', 'x-cloud-trace-context': 'b16e9aec7dca3185ebc9b6f71c78c551', 'date': 'Mon, 31 Mar 2025 11:52:34 GMT', 'server': 'Google Frontend', 'Content-Length': '82'} 
 body={
    "message": "Cadastro realizado com sucesso",
    "_id": "RL0Sap3FpPWpwtAT"
} 
 </msg>
<msg time="2025-03-31T08:52:34.960778" level="INFO">${RESPONSE} = &lt;Response [201]&gt;</msg>
<var>${RESPONSE}</var>
<arg>${BASE_URL}${URI.USUARIOS}</arg>
<arg>json=${payload}</arg>
<arg>headers=${headers}</arg>
<arg>expected_status=anything</arg>
<doc>Sends a POST request.</doc>
<status status="PASS" start="2025-03-31T08:52:34.514189" elapsed="0.446589"/>
</kw>
<kw name="Log" owner="BuiltIn">
<msg time="2025-03-31T08:52:34.961827" level="INFO">{'message': 'Cadastro realizado com sucesso', '_id': 'RL0Sap3FpPWpwtAT'}</msg>
<arg>${RESPONSE.json()}</arg>
<doc>Logs the given message with the given level.</doc>
<status status="PASS" start="2025-03-31T08:52:34.960778" elapsed="0.001049"/>
</kw>
<kw name="Set Variable" owner="BuiltIn">
<msg time="2025-03-31T08:52:34.962827" level="INFO">${JSON_CONTENT} = {'message': 'Cadastro realizado com sucesso', '_id': 'RL0Sap3FpPWpwtAT'}</msg>
<var>${JSON_CONTENT}</var>
<arg>${RESPONSE.json()}</arg>
<doc>Returns the given values which can then be assigned to a variables.</doc>
<status status="PASS" start="2025-03-31T08:52:34.961827" elapsed="0.001000"/>
</kw>
<kw name="Set Variable" owner="BuiltIn">
<msg time="2025-03-31T08:52:34.963333" level="INFO">${JSON_MESSAGE} = Cadastro realizado com sucesso</msg>
<var>${JSON_MESSAGE}</var>
<arg>${RESPONSE.json()}[message]</arg>
<doc>Returns the given values which can then be assigned to a variables.</doc>
<status status="PASS" start="2025-03-31T08:52:34.962827" elapsed="0.000506"/>
</kw>
<if>
<branch type="IF" condition="($JSON_MESSAGE == &quot;Cadastro realizado com sucesso&quot;)">
<kw name="Log" owner="BuiltIn">
<msg time="2025-03-31T08:52:34.963333" level="INFO">Cadastro realizado com sucesso</msg>
<arg>Cadastro realizado com sucesso</arg>
<doc>Logs the given message with the given level.</doc>
<status status="PASS" start="2025-03-31T08:52:34.963333" elapsed="0.000000"/>
</kw>
<kw name="Get From Dictionary" owner="Collections">
<msg time="2025-03-31T08:52:34.964770" level="INFO">${ID_USUARIO} = RL0Sap3FpPWpwtAT</msg>
<var>${ID_USUARIO}</var>
<arg>${JSON_CONTENT}</arg>
<arg>_id</arg>
<arg>default=None</arg>
<doc>Returns a value from the given ``dictionary`` based on the given ``key``.</doc>
<status status="PASS" start="2025-03-31T08:52:34.963333" elapsed="0.001437"/>
</kw>
<return>
<value>${ID_USUARIO}</value>
<status status="PASS" start="2025-03-31T08:52:34.964770" elapsed="0.000000"/>
</return>
<status status="PASS" start="2025-03-31T08:52:34.963333" elapsed="0.001437"/>
</branch>
<branch type="ELSE IF" condition="($JSON_MESSAGE == &quot;Este email já está sendo usado&quot;)">
<kw name="Log" owner="BuiltIn">
<arg>Este email já está sendo usado</arg>
<doc>Logs the given message with the given level.</doc>
<status status="NOT RUN" start="2025-03-31T08:52:34.965778" elapsed="0.000000"/>
</kw>
<return>
<value>${JSON_MESSAGE}</value>
<status status="NOT RUN" start="2025-03-31T08:52:34.965778" elapsed="0.000000"/>
</return>
<status status="NOT RUN" start="2025-03-31T08:52:34.965778" elapsed="0.000000"/>
</branch>
<branch type="ELSE">
<kw name="Fail" owner="BuiltIn">
<arg>A resposta não contém as mensagens esperadas.</arg>
<doc>Fails the test with the given message and optionally alters its tags.</doc>
<status status="NOT RUN" start="2025-03-31T08:52:34.965778" elapsed="0.000000"/>
</kw>
<status status="NOT RUN" start="2025-03-31T08:52:34.965778" elapsed="0.000000"/>
</branch>
<status status="PASS" start="2025-03-31T08:52:34.963333" elapsed="0.002445"/>
</if>
<msg time="2025-03-31T08:52:34.965778" level="INFO">${ID} = RL0Sap3FpPWpwtAT</msg>
<var>${ID}</var>
<doc>Envia Requisição GET de Lista de Usuários</doc>
<status status="PASS" start="2025-03-31T08:52:34.512993" elapsed="0.452785"/>
</kw>
<kw name="Given eu preencha o campo NOME com o [valor]" owner="login_steps">
<kw name="Wait Until Element Is Visible" owner="SeleniumLibrary">
<arg>${LOGIN.EMAIL.INPUT}</arg>
<arg>timeout=30s</arg>
<doc>Waits until the element ``locator`` is visible.</doc>
<status status="PASS" start="2025-03-31T08:52:34.966813" elapsed="0.045683"/>
</kw>
<kw name="Input Text" owner="SeleniumLibrary">
<msg time="2025-03-31T08:52:35.022643" level="INFO">Typing text 'robot@example.com' into text field 'css=[data-testid="email"]'.</msg>
<arg>${LOGIN.EMAIL.INPUT}</arg>
<arg>${value}</arg>
<doc>Types the given ``text`` into the text field identified by ``locator``.</doc>
<status status="PASS" start="2025-03-31T08:52:35.022643" elapsed="0.109875"/>
</kw>
<arg>${EMAIL_CASDASTRADO}</arg>
<status status="PASS" start="2025-03-31T08:52:34.966813" elapsed="0.165705"/>
</kw>
<kw name="And eu preencha o campo SENHA com o [valor]" owner="login_steps">
<kw name="Wait Until Element Is Visible" owner="SeleniumLibrary">
<arg>${LOGIN.SENHA.INPUT}</arg>
<arg>timeout=30s</arg>
<doc>Waits until the element ``locator`` is visible.</doc>
<status status="PASS" start="2025-03-31T08:52:35.132518" elapsed="0.021613"/>
</kw>
<kw name="Input Text" owner="SeleniumLibrary">
<msg time="2025-03-31T08:52:35.156137" level="INFO">Typing text 'senharobot' into text field 'css=[data-testid="senha"]'.</msg>
<arg>${LOGIN.SENHA.INPUT}</arg>
<arg>${value}</arg>
<doc>Types the given ``text`` into the text field identified by ``locator``.</doc>
<status status="PASS" start="2025-03-31T08:52:35.154131" elapsed="0.110820"/>
</kw>
<arg>${SENHA_CASDASTRADA}</arg>
<status status="PASS" start="2025-03-31T08:52:35.132518" elapsed="0.132433"/>
</kw>
<kw name="And eu clique no botão ENTRAR" owner="login_steps">
<kw name="Wait Until Element Is Visible" owner="SeleniumLibrary">
<arg>${LOGIN.ENTRAR.BUTTON}</arg>
<arg>timeout=30s</arg>
<doc>Waits until the element ``locator`` is visible.</doc>
<status status="PASS" start="2025-03-31T08:52:35.264951" elapsed="0.022933"/>
</kw>
<kw name="Click Button" owner="SeleniumLibrary">
<msg time="2025-03-31T08:52:35.287884" level="INFO">Clicking button 'css=[data-testid="entrar"]'.</msg>
<arg>${LOGIN.ENTRAR.BUTTON}</arg>
<doc>Clicks the button identified by ``locator``.</doc>
<status status="PASS" start="2025-03-31T08:52:35.287884" elapsed="0.079978"/>
</kw>
<status status="PASS" start="2025-03-31T08:52:35.264951" elapsed="0.102911"/>
</kw>
<kw name="And eu clico no item de MENU" owner="home_steps">
<kw name="Wait Until Element Is Visible" owner="SeleniumLibrary">
<arg>${SELECTOR}</arg>
<arg>timeout=30s</arg>
<doc>Waits until the element ``locator`` is visible.</doc>
<status status="PASS" start="2025-03-31T08:52:35.367862" elapsed="0.855857"/>
</kw>
<kw name="Click Element" owner="SeleniumLibrary">
<msg time="2025-03-31T08:52:36.223719" level="INFO">Clicking element 'css=[data-testid="cadastrar-usuarios"]'.</msg>
<arg>${SELECTOR}</arg>
<doc>Click the element identified by ``locator``.</doc>
<status status="PASS" start="2025-03-31T08:52:36.223719" elapsed="0.048727"/>
</kw>
<arg>CADASTRAR USUARIO</arg>
<arg>${HOME.MENU_CADASTRAR_USUARIOS.BTN}</arg>
<status status="PASS" start="2025-03-31T08:52:35.367862" elapsed="0.904584"/>
</kw>
<kw name="When eu preencho o campo NOME" owner="commons">
<kw name="First Name" owner="FakerLibrary">
<msg time="2025-03-31T08:52:36.273969" level="INFO">${NOME_FAKER} = Matthew</msg>
<var>${NOME_FAKER}</var>
<status status="PASS" start="2025-03-31T08:52:36.273969" elapsed="0.000000"/>
</kw>
<kw name="Set Global Variable" owner="BuiltIn">
<msg time="2025-03-31T08:52:36.274972" level="INFO">${NOME_FAKER} = Matthew</msg>
<arg>${NOME_FAKER}</arg>
<doc>Makes a variable available globally in all tests and suites.</doc>
<status status="PASS" start="2025-03-31T08:52:36.274972" elapsed="0.000000"/>
</kw>
<kw name="Wait Until Element Is Visible" owner="SeleniumLibrary">
<arg>${SELECTOR}</arg>
<arg>timeout=30s</arg>
<doc>Waits until the element ``locator`` is visible.</doc>
<status status="PASS" start="2025-03-31T08:52:36.274972" elapsed="0.018499"/>
</kw>
<kw name="Input Text" owner="SeleniumLibrary">
<msg time="2025-03-31T08:52:36.293471" level="INFO">Typing text 'QATEST_Matthew' into text field 'css=[data-testid="nome"]'.</msg>
<arg>${SELECTOR}</arg>
<arg>${PREFIXO_NOME_USUARIO}${NOME_FAKER}</arg>
<doc>Types the given ``text`` into the text field identified by ``locator``.</doc>
<status status="PASS" start="2025-03-31T08:52:36.293471" elapsed="0.081685"/>
</kw>
<return>
<status status="PASS" start="2025-03-31T08:52:36.375156" elapsed="0.000000"/>
</return>
<arg>${CAD_USUARIO.NOME.INPUT}</arg>
<status status="PASS" start="2025-03-31T08:52:36.272952" elapsed="0.102204"/>
</kw>
<kw name="And eu preencho o campo EMAIL" owner="commons">
<kw name="Wait Until Element Is Visible" owner="SeleniumLibrary">
<arg>${SELECTOR}</arg>
<arg>timeout=30s</arg>
<doc>Waits until the element ``locator`` is visible.</doc>
<status status="PASS" start="2025-03-31T08:52:36.377163" elapsed="0.005526"/>
</kw>
<kw name="User Id Generator" owner="user_id_generator">
<msg time="2025-03-31T08:52:36.390295" level="INFO">${USER_ID} = Matthew22c72f1a-faa4</msg>
<var>${USER_ID}</var>
<arg>${NOME_FAKER}</arg>
<status status="PASS" start="2025-03-31T08:52:36.389280" elapsed="0.001015"/>
</kw>
<kw name="Input Text" owner="SeleniumLibrary">
<msg time="2025-03-31T08:52:36.391402" level="INFO">Typing text 'Matthew22c72f1a-faa4@qateste.com.br' into text field 'css=[data-testid="email"]'.</msg>
<arg>${SELECTOR}</arg>
<arg>${USER_ID}@qateste.com.br</arg>
<doc>Types the given ``text`` into the text field identified by ``locator``.</doc>
<status status="PASS" start="2025-03-31T08:52:36.390958" elapsed="0.091623"/>
</kw>
<return>
<value>${USER_ID}@qateste.com.br</value>
<status status="PASS" start="2025-03-31T08:52:36.482581" elapsed="0.000000"/>
</return>
<msg time="2025-03-31T08:52:36.482581" level="INFO">${EMAIL} = Matthew22c72f1a-faa4@qateste.com.br</msg>
<var>${EMAIL}</var>
<arg>${CAD_USUARIO.EMAIL.INPUT}</arg>
<status status="PASS" start="2025-03-31T08:52:36.375156" elapsed="0.107425"/>
</kw>
<kw name="And eu preencho o campo SENHA" owner="commons">
<kw name="Wait Until Element Is Visible" owner="SeleniumLibrary">
<arg>${SELECTOR}</arg>
<arg>timeout=30s</arg>
<doc>Waits until the element ``locator`` is visible.</doc>
<status status="PASS" start="2025-03-31T08:52:36.482581" elapsed="0.015538"/>
</kw>
<kw name="Input Text" owner="SeleniumLibrary">
<msg time="2025-03-31T08:52:36.498119" level="INFO">Typing text 'teste' into text field 'css=[data-testid="password"]'.</msg>
<arg>${SELECTOR}</arg>
<arg>teste</arg>
<doc>Types the given ``text`` into the text field identified by ``locator``.</doc>
<status status="PASS" start="2025-03-31T08:52:36.498119" elapsed="0.134791"/>
</kw>
<arg>${CAD_USUARIO.SENHA.INPUT}</arg>
<status status="PASS" start="2025-03-31T08:52:36.482581" elapsed="0.150329"/>
</kw>
<kw name="And eu marco o checkbox de administrador" owner="commons">
<kw name="Click Element" owner="SeleniumLibrary">
<msg time="2025-03-31T08:52:36.632910" level="INFO">Clicking element 'css=[data-testid="checkbox"]'.</msg>
<arg>${SELECTOR}</arg>
<doc>Click the element identified by ``locator``.</doc>
<status status="PASS" start="2025-03-31T08:52:36.632910" elapsed="0.072975"/>
</kw>
<arg>${CAD_USUARIO.ADMIN.CHECKBOX}</arg>
<status status="PASS" start="2025-03-31T08:52:36.632910" elapsed="0.074397"/>
</kw>
<kw name="And eu clico no botão CADASTRAR" owner="commons">
<kw name="Wait Until Element Is Visible" owner="SeleniumLibrary">
<arg>${SELECTOR}</arg>
<arg>timeout=30s</arg>
<doc>Waits until the element ``locator`` is visible.</doc>
<status status="PASS" start="2025-03-31T08:52:36.707307" elapsed="0.011312"/>
</kw>
<kw name="Click Element" owner="SeleniumLibrary">
<msg time="2025-03-31T08:52:36.719659" level="INFO">Clicking element 'css=[data-testid="cadastrarUsuario"]'.</msg>
<arg>${SELECTOR}</arg>
<doc>Click the element identified by ``locator``.</doc>
<status status="PASS" start="2025-03-31T08:52:36.718619" elapsed="0.043903"/>
</kw>
<arg>${CAD_USUARIO.CADASTRAR.BTN}</arg>
<status status="PASS" start="2025-03-31T08:52:36.707307" elapsed="0.055215"/>
</kw>
<kw name="Then sou redirecionado para a tela LISTAR USUARIOS" owner="listar_usuarios_steps">
<kw name="Wait Until Element Is Visible" owner="SeleniumLibrary">
<arg>${LIST_USUARIO.TEXTO_APRESENTACAO.H1}</arg>
<arg>timeout=30s</arg>
<doc>Waits until the element ``locator`` is visible.</doc>
<status status="PASS" start="2025-03-31T08:52:36.762522" elapsed="0.446649"/>
</kw>
<kw name="Get Text" owner="SeleniumLibrary">
<msg time="2025-03-31T08:52:37.232892" level="INFO">${text} = Lista dos usuários</msg>
<var>${text}</var>
<arg>${LIST_USUARIO.TEXTO_APRESENTACAO.H1}</arg>
<doc>Returns the text value of the element identified by ``locator``.</doc>
<status status="PASS" start="2025-03-31T08:52:37.210172" elapsed="0.022720"/>
</kw>
<kw name="Should Contain" owner="BuiltIn">
<arg>${text}</arg>
<arg>Lista dos usuários</arg>
<doc>Fails if ``container`` does not contain ``item`` one or more times.</doc>
<status status="PASS" start="2025-03-31T08:52:37.232892" elapsed="0.001062"/>
</kw>
<status status="PASS" start="2025-03-31T08:52:36.762522" elapsed="0.471432"/>
</kw>
<kw name="And meu usuário foi cadastrado com sucesso" owner="listar_usuarios_steps">
<kw name="Set Variable" owner="BuiltIn">
<msg time="2025-03-31T08:52:37.235001" level="INFO">${ELEMENT} = //td[contains(.,'Matthew22c72f1a-faa4@qateste.com.br')]</msg>
<var>${ELEMENT}</var>
<arg>//td[contains(.,'${EMAIL}')]</arg>
<doc>Returns the given values which can then be assigned to a variables.</doc>
<status status="PASS" start="2025-03-31T08:52:37.235001" elapsed="0.000000"/>
</kw>
<kw name="Wait Until Element Is Visible" owner="SeleniumLibrary">
<arg>${ELEMENT}</arg>
<arg>timeout=30s</arg>
<doc>Waits until the element ``locator`` is visible.</doc>
<status status="PASS" start="2025-03-31T08:52:37.235001" elapsed="0.431356"/>
</kw>
<kw name="Get Text" owner="SeleniumLibrary">
<msg time="2025-03-31T08:52:37.674826" level="INFO">${TEXTO} = Matthew22c72f1a-faa4@qateste.com.br</msg>
<var>${TEXTO}</var>
<arg>${ELEMENT}</arg>
<doc>Returns the text value of the element identified by ``locator``.</doc>
<status status="PASS" start="2025-03-31T08:52:37.666357" elapsed="0.008469"/>
</kw>
<kw name="Should Contain" owner="BuiltIn">
<arg>${TEXTO}</arg>
<arg>${EMAIL}</arg>
<doc>Fails if ``container`` does not contain ``item`` one or more times.</doc>
<status status="PASS" start="2025-03-31T08:52:37.674826" elapsed="0.000000"/>
</kw>
<arg>${EMAIL}</arg>
<status status="PASS" start="2025-03-31T08:52:37.233954" elapsed="0.440872"/>
</kw>
<kw name="Enviar Requisição DELETE de Excluir Usuários" owner="usuarios_api_steps">
<kw name="DELETE" owner="RequestsLibrary">
<msg time="2025-03-31T08:52:38.014833" level="INFO">DELETE Request : url=https://serverest.dev/usuarios/RL0Sap3FpPWpwtAT 
 path_url=/usuarios/RL0Sap3FpPWpwtAT 
 headers={'User-Agent': 'python-requests/2.32.3', 'Accept-Encoding': 'gzip, deflate', 'Accept': '*/*', 'Connection': 'keep-alive', 'Content-Length': '0'} 
 body=None 
 </msg>
<msg time="2025-03-31T08:52:38.014833" level="INFO">DELETE Response : url=https://serverest.dev/usuarios/RL0Sap3FpPWpwtAT 
 status=200, reason=OK 
 headers={'access-control-allow-origin': '*', 'x-dns-prefetch-control': 'off', 'x-frame-options': 'SAMEORIGIN', 'strict-transport-security': 'max-age=15552000; includeSubDomains', 'x-download-options': 'noopen', 'x-content-type-options': 'nosniff', 'x-xss-protection': '1; mode=block', 'content-type': 'application/json; charset=utf-8', 'x-cloud-trace-context': '1729a384cefbf5f28d31cd56ab2d9e09', 'date': 'Mon, 31 Mar 2025 11:52:38 GMT', 'server': 'Google Frontend', 'Content-Length': '51'} 
 body={
    "message": "Registro excluído com sucesso"
} 
 </msg>
<msg time="2025-03-31T08:52:38.014833" level="INFO">${RESPONSE} = &lt;Response [200]&gt;</msg>
<var>${RESPONSE}</var>
<arg>${BASE_URL}${URI.USUARIOS}/${ID_USUARIO}</arg>
<arg>expected_status=200</arg>
<doc>Sends a DELETE request.</doc>
<status status="PASS" start="2025-03-31T08:52:37.682026" elapsed="0.332807"/>
</kw>
<kw name="Log" owner="BuiltIn">
<msg time="2025-03-31T08:52:38.022622" level="INFO">{'message': 'Registro excluído com sucesso'}</msg>
<arg>${RESPONSE.json()}</arg>
<doc>Logs the given message with the given level.</doc>
<status status="PASS" start="2025-03-31T08:52:38.014833" elapsed="0.007789"/>
</kw>
<kw name="Set Variable" owner="BuiltIn">
<msg time="2025-03-31T08:52:38.022622" level="INFO">${JSON_CONTENT} = {'message': 'Registro excluído com sucesso'}</msg>
<var>${JSON_CONTENT}</var>
<arg>${response.json()}</arg>
<doc>Returns the given values which can then be assigned to a variables.</doc>
<status status="PASS" start="2025-03-31T08:52:38.022622" elapsed="0.000000"/>
</kw>
<kw name="Set Variable" owner="BuiltIn">
<msg time="2025-03-31T08:52:38.022622" level="INFO">${JSON_MESSAGE} = Registro excluído com sucesso</msg>
<var>${JSON_MESSAGE}</var>
<arg>${RESPONSE.json()}[message]</arg>
<doc>Returns the given values which can then be assigned to a variables.</doc>
<status status="PASS" start="2025-03-31T08:52:38.022622" elapsed="0.000000"/>
</kw>
<if>
<branch type="IF" condition="($JSON_MESSAGE == &quot;Registro excluído com sucesso&quot;)">
<kw name="Log" owner="BuiltIn">
<msg time="2025-03-31T08:52:38.022622" level="INFO">Registro excluído com sucesso</msg>
<arg>Registro excluído com sucesso</arg>
<doc>Logs the given message with the given level.</doc>
<status status="PASS" start="2025-03-31T08:52:38.022622" elapsed="0.000000"/>
</kw>
<return>
<value>Registro excluído com sucesso</value>
<status status="PASS" start="2025-03-31T08:52:38.022622" elapsed="0.000000"/>
</return>
<status status="PASS" start="2025-03-31T08:52:38.022622" elapsed="0.000000"/>
</branch>
<branch type="ELSE IF" condition="($JSON_MESSAGE == &quot;Nenhum registro excluído&quot;)">
<kw name="Log" owner="BuiltIn">
<arg>Nenhum registro excluído</arg>
<doc>Logs the given message with the given level.</doc>
<status status="NOT RUN" start="2025-03-31T08:52:38.022622" elapsed="0.000000"/>
</kw>
<return>
<value>Nenhum registro excluído</value>
<status status="NOT RUN" start="2025-03-31T08:52:38.022622" elapsed="0.000000"/>
</return>
<status status="NOT RUN" start="2025-03-31T08:52:38.022622" elapsed="0.000000"/>
</branch>
<branch type="ELSE">
<kw name="Fail" owner="BuiltIn">
<arg>A resposta não contém as mensagens esperadas.</arg>
<doc>Fails the test with the given message and optionally alters its tags.</doc>
<status status="NOT RUN" start="2025-03-31T08:52:38.022622" elapsed="0.000000"/>
</kw>
<status status="NOT RUN" start="2025-03-31T08:52:38.022622" elapsed="0.000000"/>
</branch>
<status status="PASS" start="2025-03-31T08:52:38.022622" elapsed="0.000000"/>
</if>
<arg>${ID}</arg>
<doc>Envia Requisição DELETE de Excluir Usuários</doc>
<status status="PASS" start="2025-03-31T08:52:37.674826" elapsed="0.347796"/>
</kw>
<kw name="fechar Browser" owner="commons" type="TEARDOWN">
<kw name="Close Browser" owner="SeleniumLibrary">
<doc>Closes the current browser.</doc>
<status status="PASS" start="2025-03-31T08:52:38.022622" elapsed="2.154367"/>
</kw>
<status status="PASS" start="2025-03-31T08:52:38.022622" elapsed="2.154367"/>
</kw>
<status status="PASS" start="2025-03-31T08:52:28.238023" elapsed="11.938966"/>
</test>
<test id="s1-t2" name="Verifica o cadastro de produtos na area logada" line="30">
<kw name="eu acesso o site" owner="commons" type="SETUP">
<kw name="Open Browser" owner="SeleniumLibrary">
<msg time="2025-03-31T08:52:40.176989" level="INFO">Opening browser 'chrome' to base url 'https://front.serverest.dev/'.</msg>
<arg>${URL_serverestDev}</arg>
<arg>${BROWSER}</arg>
<arg>options=add_argument("${HEADLESS}")</arg>
<doc>Opens a new browser instance to the optional ``url``.</doc>
<status status="PASS" start="2025-03-31T08:52:40.176989" elapsed="3.470278"/>
</kw>
<kw name="Maximize Browser Window" owner="SeleniumLibrary">
<doc>Maximizes current browser window.</doc>
<status status="PASS" start="2025-03-31T08:52:43.647267" elapsed="0.024050"/>
</kw>
<status status="PASS" start="2025-03-31T08:52:40.176989" elapsed="3.494328"/>
</kw>
<kw name="Configurar usuário antes do inicio dos testes" owner="usuarios_api_steps">
<kw name="Enviar Requisição GET de Lista de Usuários" owner="usuarios_api_steps">
<kw name="Load Json From File" owner="JSONLibrary">
<msg time="2025-03-31T08:52:43.673847" level="INFO">${EMAIL} = {'nome': 'ROBOT', 'email': 'robot@example.com', 'password': 'senharobot', 'administrador': 'true'}</msg>
<var>${EMAIL}</var>
<arg>${CRIAR_USUARIO.JSON}</arg>
<doc>Load JSON from file.</doc>
<status status="PASS" start="2025-03-31T08:52:43.672825" elapsed="0.001022"/>
</kw>
<kw name="Create Dictionary" owner="BuiltIn">
<msg time="2025-03-31T08:52:43.673847" level="INFO">${PARAMS} = {'email': 'robot@example.com'}</msg>
<var>${PARAMS}</var>
<arg>email=${EMAIL}[email]</arg>
<doc>Creates and returns a dictionary based on the given ``items``.</doc>
<status status="PASS" start="2025-03-31T08:52:43.673847" elapsed="0.000000"/>
</kw>
<kw name="GET" owner="RequestsLibrary">
<msg time="2025-03-31T08:52:44.015058" level="INFO">GET Request : url=https://serverest.dev/usuarios?email=robot%40example.com 
 path_url=/usuarios?email=robot%40example.com 
 headers={'User-Agent': 'python-requests/2.32.3', 'Accept-Encoding': 'gzip, deflate', 'Accept': '*/*', 'Connection': 'keep-alive'} 
 body=None 
 </msg>
<msg time="2025-03-31T08:52:44.015058" level="INFO">GET Response : url=https://serverest.dev/usuarios?email=robot%40example.com 
 status=200, reason=OK 
 headers={'access-control-allow-origin': '*', 'x-dns-prefetch-control': 'off', 'x-frame-options': 'SAMEORIGIN', 'strict-transport-security': 'max-age=15552000; includeSubDomains', 'x-download-options': 'noopen', 'x-content-type-options': 'nosniff', 'x-xss-protection': '1; mode=block', 'content-type': 'application/json; charset=utf-8', 'x-cloud-trace-context': '99a09fec4fa025a0f5a75a6596c0f792;o=1', 'date': 'Mon, 31 Mar 2025 11:52:44 GMT', 'server': 'Google Frontend', 'Content-Length': '43'} 
 body={
    "quantidade": 0,
    "usuarios": []
} 
 </msg>
<msg time="2025-03-31T08:52:44.015058" level="INFO">${RESPONSE} = &lt;Response [200]&gt;</msg>
<var>${RESPONSE}</var>
<arg>${BASE_URL}${URI.USUARIOS}</arg>
<arg>params=${PARAMS}</arg>
<arg>expected_status=200</arg>
<doc>Sends a GET request.</doc>
<status status="PASS" start="2025-03-31T08:52:43.673847" elapsed="0.341211"/>
</kw>
<kw name="Log" owner="BuiltIn">
<msg time="2025-03-31T08:52:44.019790" level="INFO">{'quantidade': 0, 'usuarios': []}</msg>
<arg>${response.json()}</arg>
<doc>Logs the given message with the given level.</doc>
<status status="PASS" start="2025-03-31T08:52:44.015058" elapsed="0.004732"/>
</kw>
<kw name="Set Variable" owner="BuiltIn">
<msg time="2025-03-31T08:52:44.019790" level="INFO">${JSON_CONTENT} = {'quantidade': 0, 'usuarios': []}</msg>
<var>${JSON_CONTENT}</var>
<arg>${response.json()}</arg>
<doc>Returns the given values which can then be assigned to a variables.</doc>
<status status="PASS" start="2025-03-31T08:52:44.019790" elapsed="0.000000"/>
</kw>
<kw name="Set Variable" owner="BuiltIn">
<msg time="2025-03-31T08:52:44.019790" level="INFO">${JSON_QUANTIDADE} = 0</msg>
<var>${JSON_QUANTIDADE}</var>
<arg>${response.json()}[quantidade]</arg>
<doc>Returns the given values which can then be assigned to a variables.</doc>
<status status="PASS" start="2025-03-31T08:52:44.019790" elapsed="0.000000"/>
</kw>
<if>
<branch type="IF" condition="${JSON_QUANTIDADE} != 0">
<kw name="Get From Dictionary" owner="Collections">
<var>${USUARIOS}</var>
<arg>${JSON_CONTENT}</arg>
<arg>usuarios</arg>
<doc>Returns a value from the given ``dictionary`` based on the given ``key``.</doc>
<status status="NOT RUN" start="2025-03-31T08:52:44.021797" elapsed="0.000000"/>
</kw>
<kw name="Get From Dictionary" owner="Collections">
<var>${ID_USUARIO}</var>
<arg>${USUARIOS[0]}</arg>
<arg>_id</arg>
<doc>Returns a value from the given ``dictionary`` based on the given ``key``.</doc>
<status status="NOT RUN" start="2025-03-31T08:52:44.021797" elapsed="0.000000"/>
</kw>
<return>
<value>${ID_USUARIO}</value>
<status status="NOT RUN" start="2025-03-31T08:52:44.021797" elapsed="0.000000"/>
</return>
<status status="NOT RUN" start="2025-03-31T08:52:44.019790" elapsed="0.002007"/>
</branch>
<branch type="ELSE">
<return>
<value>teste</value>
<status status="PASS" start="2025-03-31T08:52:44.021797" elapsed="0.000000"/>
</return>
<status status="PASS" start="2025-03-31T08:52:44.021797" elapsed="0.000000"/>
</branch>
<status status="PASS" start="2025-03-31T08:52:44.019790" elapsed="0.002007"/>
</if>
<msg time="2025-03-31T08:52:44.021797" level="INFO">${ID_ANTIGO} = teste</msg>
<var>${ID_ANTIGO}</var>
<doc>Envia Requisição GET de Lista de Usuários</doc>
<status status="PASS" start="2025-03-31T08:52:43.672825" elapsed="0.348972"/>
</kw>
<kw name="Enviar Requisição DELETE de Excluir Usuários" owner="usuarios_api_steps">
<kw name="DELETE" owner="RequestsLibrary">
<msg time="2025-03-31T08:52:44.372678" level="INFO">DELETE Request : url=https://serverest.dev/usuarios/teste 
 path_url=/usuarios/teste 
 headers={'User-Agent': 'python-requests/2.32.3', 'Accept-Encoding': 'gzip, deflate', 'Accept': '*/*', 'Connection': 'keep-alive', 'Content-Length': '0'} 
 body=None 
 </msg>
<msg time="2025-03-31T08:52:44.372678" level="INFO">DELETE Response : url=https://serverest.dev/usuarios/teste 
 status=200, reason=OK 
 headers={'access-control-allow-origin': '*', 'x-dns-prefetch-control': 'off', 'x-frame-options': 'SAMEORIGIN', 'strict-transport-security': 'max-age=15552000; includeSubDomains', 'x-download-options': 'noopen', 'x-content-type-options': 'nosniff', 'x-xss-protection': '1; mode=block', 'content-type': 'application/json; charset=utf-8', 'x-cloud-trace-context': '1520c94240cdf2889927e4e656d8b0c6', 'date': 'Mon, 31 Mar 2025 11:52:44 GMT', 'server': 'Google Frontend', 'Content-Length': '46'} 
 body={
    "message": "Nenhum registro excluído"
} 
 </msg>
<msg time="2025-03-31T08:52:44.372678" level="INFO">${RESPONSE} = &lt;Response [200]&gt;</msg>
<var>${RESPONSE}</var>
<arg>${BASE_URL}${URI.USUARIOS}/${ID_USUARIO}</arg>
<arg>expected_status=200</arg>
<doc>Sends a DELETE request.</doc>
<status status="PASS" start="2025-03-31T08:52:44.022803" elapsed="0.349875"/>
</kw>
<kw name="Log" owner="BuiltIn">
<msg time="2025-03-31T08:52:44.374650" level="INFO">{'message': 'Nenhum registro excluído'}</msg>
<arg>${RESPONSE.json()}</arg>
<doc>Logs the given message with the given level.</doc>
<status status="PASS" start="2025-03-31T08:52:44.372678" elapsed="0.001972"/>
</kw>
<kw name="Set Variable" owner="BuiltIn">
<msg time="2025-03-31T08:52:44.374650" level="INFO">${JSON_CONTENT} = {'message': 'Nenhum registro excluído'}</msg>
<var>${JSON_CONTENT}</var>
<arg>${response.json()}</arg>
<doc>Returns the given values which can then be assigned to a variables.</doc>
<status status="PASS" start="2025-03-31T08:52:44.374650" elapsed="0.000000"/>
</kw>
<kw name="Set Variable" owner="BuiltIn">
<msg time="2025-03-31T08:52:44.374650" level="INFO">${JSON_MESSAGE} = Nenhum registro excluído</msg>
<var>${JSON_MESSAGE}</var>
<arg>${RESPONSE.json()}[message]</arg>
<doc>Returns the given values which can then be assigned to a variables.</doc>
<status status="PASS" start="2025-03-31T08:52:44.374650" elapsed="0.000000"/>
</kw>
<if>
<branch type="IF" condition="($JSON_MESSAGE == &quot;Registro excluído com sucesso&quot;)">
<kw name="Log" owner="BuiltIn">
<arg>Registro excluído com sucesso</arg>
<doc>Logs the given message with the given level.</doc>
<status status="NOT RUN" start="2025-03-31T08:52:44.376659" elapsed="0.000000"/>
</kw>
<return>
<value>Registro excluído com sucesso</value>
<status status="NOT RUN" start="2025-03-31T08:52:44.376659" elapsed="0.000000"/>
</return>
<status status="NOT RUN" start="2025-03-31T08:52:44.376659" elapsed="0.000000"/>
</branch>
<branch type="ELSE IF" condition="($JSON_MESSAGE == &quot;Nenhum registro excluído&quot;)">
<kw name="Log" owner="BuiltIn">
<msg time="2025-03-31T08:52:44.376659" level="INFO">Nenhum registro excluído</msg>
<arg>Nenhum registro excluído</arg>
<doc>Logs the given message with the given level.</doc>
<status status="PASS" start="2025-03-31T08:52:44.376659" elapsed="0.000000"/>
</kw>
<return>
<value>Nenhum registro excluído</value>
<status status="PASS" start="2025-03-31T08:52:44.376659" elapsed="0.000000"/>
</return>
<status status="PASS" start="2025-03-31T08:52:44.376659" elapsed="0.000000"/>
</branch>
<branch type="ELSE">
<kw name="Fail" owner="BuiltIn">
<arg>A resposta não contém as mensagens esperadas.</arg>
<doc>Fails the test with the given message and optionally alters its tags.</doc>
<status status="NOT RUN" start="2025-03-31T08:52:44.376659" elapsed="0.000000"/>
</kw>
<status status="NOT RUN" start="2025-03-31T08:52:44.376659" elapsed="0.000000"/>
</branch>
<status status="PASS" start="2025-03-31T08:52:44.374650" elapsed="0.002009"/>
</if>
<arg>${ID_ANTIGO}</arg>
<doc>Envia Requisição DELETE de Excluir Usuários</doc>
<status status="PASS" start="2025-03-31T08:52:44.021797" elapsed="0.354862"/>
</kw>
<kw name="Enviar Requisição POST de Criação de Usuários" owner="usuarios_api_steps">
<kw name="Load Json From File" owner="JSONLibrary">
<msg time="2025-03-31T08:52:44.376659" level="INFO">${payload} = {'nome': 'ROBOT', 'email': 'robot@example.com', 'password': 'senharobot', 'administrador': 'true'}</msg>
<var>${payload}</var>
<arg>${CRIAR_USUARIO.JSON}</arg>
<doc>Load JSON from file.</doc>
<status status="PASS" start="2025-03-31T08:52:44.376659" elapsed="0.000000"/>
</kw>
<kw name="Create Dictionary" owner="BuiltIn">
<msg time="2025-03-31T08:52:44.378668" level="INFO">${headers} = {'Content-Type': 'application/json'}</msg>
<var>${headers}</var>
<arg>Content-Type=application/json</arg>
<doc>Creates and returns a dictionary based on the given ``items``.</doc>
<status status="PASS" start="2025-03-31T08:52:44.376659" elapsed="0.002009"/>
</kw>
<kw name="POST" owner="RequestsLibrary">
<msg time="2025-03-31T08:52:44.714225" level="INFO">POST Request : url=https://serverest.dev/usuarios 
 path_url=/usuarios 
 headers={'User-Agent': 'python-requests/2.32.3', 'Accept-Encoding': 'gzip, deflate', 'Accept': '*/*', 'Connection': 'keep-alive', 'Content-Type': 'application/json', 'Content-Length': '98'} 
 body=b'{"nome": "ROBOT", "email": "robot@example.com", "password": "senharobot", "administrador": "true"}' 
 </msg>
<msg time="2025-03-31T08:52:44.715435" level="INFO">POST Response : url=https://serverest.dev/usuarios 
 status=201, reason=Created 
 headers={'access-control-allow-origin': '*', 'x-dns-prefetch-control': 'off', 'x-frame-options': 'SAMEORIGIN', 'strict-transport-security': 'max-age=15552000; includeSubDomains', 'x-download-options': 'noopen', 'x-content-type-options': 'nosniff', 'x-xss-protection': '1; mode=block', 'content-type': 'application/json; charset=utf-8', 'x-cloud-trace-context': 'abf339829621746292b577055fc38b8a', 'date': 'Mon, 31 Mar 2025 11:52:44 GMT', 'server': 'Google Frontend', 'Content-Length': '82'} 
 body={
    "message": "Cadastro realizado com sucesso",
    "_id": "7fxH1d2YQeQpMwtD"
} 
 </msg>
<msg time="2025-03-31T08:52:44.715435" level="INFO">${RESPONSE} = &lt;Response [201]&gt;</msg>
<var>${RESPONSE}</var>
<arg>${BASE_URL}${URI.USUARIOS}</arg>
<arg>json=${payload}</arg>
<arg>headers=${headers}</arg>
<arg>expected_status=anything</arg>
<doc>Sends a POST request.</doc>
<status status="PASS" start="2025-03-31T08:52:44.378668" elapsed="0.336767"/>
</kw>
<kw name="Log" owner="BuiltIn">
<msg time="2025-03-31T08:52:44.716687" level="INFO">{'message': 'Cadastro realizado com sucesso', '_id': '7fxH1d2YQeQpMwtD'}</msg>
<arg>${RESPONSE.json()}</arg>
<doc>Logs the given message with the given level.</doc>
<status status="PASS" start="2025-03-31T08:52:44.715435" elapsed="0.001252"/>
</kw>
<kw name="Set Variable" owner="BuiltIn">
<msg time="2025-03-31T08:52:44.717686" level="INFO">${JSON_CONTENT} = {'message': 'Cadastro realizado com sucesso', '_id': '7fxH1d2YQeQpMwtD'}</msg>
<var>${JSON_CONTENT}</var>
<arg>${RESPONSE.json()}</arg>
<doc>Returns the given values which can then be assigned to a variables.</doc>
<status status="PASS" start="2025-03-31T08:52:44.716687" elapsed="0.000999"/>
</kw>
<kw name="Set Variable" owner="BuiltIn">
<msg time="2025-03-31T08:52:44.718903" level="INFO">${JSON_MESSAGE} = Cadastro realizado com sucesso</msg>
<var>${JSON_MESSAGE}</var>
<arg>${RESPONSE.json()}[message]</arg>
<doc>Returns the given values which can then be assigned to a variables.</doc>
<status status="PASS" start="2025-03-31T08:52:44.717686" elapsed="0.001217"/>
</kw>
<if>
<branch type="IF" condition="($JSON_MESSAGE == &quot;Cadastro realizado com sucesso&quot;)">
<kw name="Log" owner="BuiltIn">
<msg time="2025-03-31T08:52:44.718903" level="INFO">Cadastro realizado com sucesso</msg>
<arg>Cadastro realizado com sucesso</arg>
<doc>Logs the given message with the given level.</doc>
<status status="PASS" start="2025-03-31T08:52:44.718903" elapsed="0.000000"/>
</kw>
<kw name="Get From Dictionary" owner="Collections">
<msg time="2025-03-31T08:52:44.718903" level="INFO">${ID_USUARIO} = 7fxH1d2YQeQpMwtD</msg>
<var>${ID_USUARIO}</var>
<arg>${JSON_CONTENT}</arg>
<arg>_id</arg>
<arg>default=None</arg>
<doc>Returns a value from the given ``dictionary`` based on the given ``key``.</doc>
<status status="PASS" start="2025-03-31T08:52:44.718903" elapsed="0.000000"/>
</kw>
<return>
<value>${ID_USUARIO}</value>
<status status="PASS" start="2025-03-31T08:52:44.718903" elapsed="0.000000"/>
</return>
<status status="PASS" start="2025-03-31T08:52:44.718903" elapsed="0.000000"/>
</branch>
<branch type="ELSE IF" condition="($JSON_MESSAGE == &quot;Este email já está sendo usado&quot;)">
<kw name="Log" owner="BuiltIn">
<arg>Este email já está sendo usado</arg>
<doc>Logs the given message with the given level.</doc>
<status status="NOT RUN" start="2025-03-31T08:52:44.719912" elapsed="0.000000"/>
</kw>
<return>
<value>${JSON_MESSAGE}</value>
<status status="NOT RUN" start="2025-03-31T08:52:44.719912" elapsed="0.000000"/>
</return>
<status status="NOT RUN" start="2025-03-31T08:52:44.718903" elapsed="0.001009"/>
</branch>
<branch type="ELSE">
<kw name="Fail" owner="BuiltIn">
<arg>A resposta não contém as mensagens esperadas.</arg>
<doc>Fails the test with the given message and optionally alters its tags.</doc>
<status status="NOT RUN" start="2025-03-31T08:52:44.719912" elapsed="0.000000"/>
</kw>
<status status="NOT RUN" start="2025-03-31T08:52:44.719912" elapsed="0.000000"/>
</branch>
<status status="PASS" start="2025-03-31T08:52:44.718903" elapsed="0.001009"/>
</if>
<msg time="2025-03-31T08:52:44.719912" level="INFO">${ID_NOVO} = 7fxH1d2YQeQpMwtD</msg>
<var>${ID_NOVO}</var>
<doc>Envia Requisição GET de Lista de Usuários</doc>
<status status="PASS" start="2025-03-31T08:52:44.376659" elapsed="0.343253"/>
</kw>
<kw name="Enviar Requisição PUT de Alteração de Usuário alternando o NOME" owner="usuarios_api_steps">
<kw name="Load Json From File" owner="JSONLibrary">
<msg time="2025-03-31T08:52:44.720919" level="INFO">${payload} = {'nome': 'ROBOT_ATUALIZAR', 'email': 'robot@example.com', 'password': 'senharobot', 'administrador': 'false'}</msg>
<var>${payload}</var>
<arg>${ATUALIZAR_USUARIO.JSON}</arg>
<doc>Load JSON from file.</doc>
<status status="PASS" start="2025-03-31T08:52:44.719912" elapsed="0.001007"/>
</kw>
<kw name="Create Dictionary" owner="BuiltIn">
<msg time="2025-03-31T08:52:44.720919" level="INFO">${headers} = {'Content-Type': 'application/json'}</msg>
<var>${headers}</var>
<arg>Content-Type=application/json</arg>
<doc>Creates and returns a dictionary based on the given ``items``.</doc>
<status status="PASS" start="2025-03-31T08:52:44.720919" elapsed="0.000000"/>
</kw>
<kw name="PUT" owner="RequestsLibrary">
<msg time="2025-03-31T08:52:45.048133" level="INFO">PUT Request : url=https://serverest.dev/usuarios/7fxH1d2YQeQpMwtD 
 path_url=/usuarios/7fxH1d2YQeQpMwtD 
 headers={'User-Agent': 'python-requests/2.32.3', 'Accept-Encoding': 'gzip, deflate', 'Accept': '*/*', 'Connection': 'keep-alive', 'Content-Type': 'application/json', 'Content-Length': '109'} 
 body=b'{"nome": "ROBOT_ATUALIZAR", "email": "robot@example.com", "password": "senharobot", "administrador": "false"}' 
 </msg>
<msg time="2025-03-31T08:52:45.048133" level="INFO">PUT Response : url=https://serverest.dev/usuarios/7fxH1d2YQeQpMwtD 
 status=200, reason=OK 
 headers={'access-control-allow-origin': '*', 'x-dns-prefetch-control': 'off', 'x-frame-options': 'SAMEORIGIN', 'strict-transport-security': 'max-age=15552000; includeSubDomains', 'x-download-options': 'noopen', 'x-content-type-options': 'nosniff', 'x-xss-protection': '1; mode=block', 'content-type': 'application/json; charset=utf-8', 'x-cloud-trace-context': 'e36eb186b6fd15457c7c1338a4209262', 'date': 'Mon, 31 Mar 2025 11:52:45 GMT', 'server': 'Google Frontend', 'Content-Length': '50'} 
 body={
    "message": "Registro alterado com sucesso"
} 
 </msg>
<msg time="2025-03-31T08:52:45.049258" level="INFO">${RESPONSE} = &lt;Response [200]&gt;</msg>
<var>${RESPONSE}</var>
<arg>${BASE_URL}${URI.USUARIOS}/${ID_USUARIO}</arg>
<arg>json=${payload}</arg>
<arg>headers=${headers}</arg>
<arg>expected_status=200</arg>
<doc>Sends a PUT request.</doc>
<status status="PASS" start="2025-03-31T08:52:44.720919" elapsed="0.328339"/>
</kw>
<kw name="Log" owner="BuiltIn">
<msg time="2025-03-31T08:52:45.050345" level="INFO">{'message': 'Registro alterado com sucesso'}</msg>
<arg>${response.json()}</arg>
<doc>Logs the given message with the given level.</doc>
<status status="PASS" start="2025-03-31T08:52:45.049258" elapsed="0.001087"/>
</kw>
<kw name="Should Be Equal" owner="BuiltIn">
<arg>${RESPONSE.json()}[message]</arg>
<arg>Registro alterado com sucesso</arg>
<doc>Fails if the given objects are unequal.</doc>
<status status="PASS" start="2025-03-31T08:52:45.050345" elapsed="0.001084"/>
</kw>
<return>
<value>${response.json()}</value>
<status status="PASS" start="2025-03-31T08:52:45.051429" elapsed="0.000000"/>
</return>
<arg>${ID_NOVO}</arg>
<doc>Envia Requisição PUT de Alteração de Usuário alternando o NOME</doc>
<status status="PASS" start="2025-03-31T08:52:44.719912" elapsed="0.331517"/>
</kw>
<kw name="Enviar Requisição DELETE de Excluir Usuários" owner="usuarios_api_steps">
<kw name="DELETE" owner="RequestsLibrary">
<msg time="2025-03-31T08:52:45.381262" level="INFO">DELETE Request : url=https://serverest.dev/usuarios/7fxH1d2YQeQpMwtD 
 path_url=/usuarios/7fxH1d2YQeQpMwtD 
 headers={'User-Agent': 'python-requests/2.32.3', 'Accept-Encoding': 'gzip, deflate', 'Accept': '*/*', 'Connection': 'keep-alive', 'Content-Length': '0'} 
 body=None 
 </msg>
<msg time="2025-03-31T08:52:45.381262" level="INFO">DELETE Response : url=https://serverest.dev/usuarios/7fxH1d2YQeQpMwtD 
 status=200, reason=OK 
 headers={'access-control-allow-origin': '*', 'x-dns-prefetch-control': 'off', 'x-frame-options': 'SAMEORIGIN', 'strict-transport-security': 'max-age=15552000; includeSubDomains', 'x-download-options': 'noopen', 'x-content-type-options': 'nosniff', 'x-xss-protection': '1; mode=block', 'content-type': 'application/json; charset=utf-8', 'x-cloud-trace-context': '3f50056e2fc63f3e257ff26e6d6d7b08', 'date': 'Mon, 31 Mar 2025 11:52:45 GMT', 'server': 'Google Frontend', 'Content-Length': '51'} 
 body={
    "message": "Registro excluído com sucesso"
} 
 </msg>
<msg time="2025-03-31T08:52:45.381262" level="INFO">${RESPONSE} = &lt;Response [200]&gt;</msg>
<var>${RESPONSE}</var>
<arg>${BASE_URL}${URI.USUARIOS}/${ID_USUARIO}</arg>
<arg>expected_status=200</arg>
<doc>Sends a DELETE request.</doc>
<status status="PASS" start="2025-03-31T08:52:45.053024" elapsed="0.328238"/>
</kw>
<kw name="Log" owner="BuiltIn">
<msg time="2025-03-31T08:52:45.382771" level="INFO">{'message': 'Registro excluído com sucesso'}</msg>
<arg>${RESPONSE.json()}</arg>
<doc>Logs the given message with the given level.</doc>
<status status="PASS" start="2025-03-31T08:52:45.381262" elapsed="0.001509"/>
</kw>
<kw name="Set Variable" owner="BuiltIn">
<msg time="2025-03-31T08:52:45.382771" level="INFO">${JSON_CONTENT} = {'message': 'Registro excluído com sucesso'}</msg>
<var>${JSON_CONTENT}</var>
<arg>${response.json()}</arg>
<doc>Returns the given values which can then be assigned to a variables.</doc>
<status status="PASS" start="2025-03-31T08:52:45.382771" elapsed="0.001094"/>
</kw>
<kw name="Set Variable" owner="BuiltIn">
<msg time="2025-03-31T08:52:45.383865" level="INFO">${JSON_MESSAGE} = Registro excluído com sucesso</msg>
<var>${JSON_MESSAGE}</var>
<arg>${RESPONSE.json()}[message]</arg>
<doc>Returns the given values which can then be assigned to a variables.</doc>
<status status="PASS" start="2025-03-31T08:52:45.383865" elapsed="0.000000"/>
</kw>
<if>
<branch type="IF" condition="($JSON_MESSAGE == &quot;Registro excluído com sucesso&quot;)">
<kw name="Log" owner="BuiltIn">
<msg time="2025-03-31T08:52:45.384867" level="INFO">Registro excluído com sucesso</msg>
<arg>Registro excluído com sucesso</arg>
<doc>Logs the given message with the given level.</doc>
<status status="PASS" start="2025-03-31T08:52:45.384867" elapsed="0.000000"/>
</kw>
<return>
<value>Registro excluído com sucesso</value>
<status status="PASS" start="2025-03-31T08:52:45.384867" elapsed="0.000000"/>
</return>
<status status="PASS" start="2025-03-31T08:52:45.383865" elapsed="0.001002"/>
</branch>
<branch type="ELSE IF" condition="($JSON_MESSAGE == &quot;Nenhum registro excluído&quot;)">
<kw name="Log" owner="BuiltIn">
<arg>Nenhum registro excluído</arg>
<doc>Logs the given message with the given level.</doc>
<status status="NOT RUN" start="2025-03-31T08:52:45.384867" elapsed="0.000000"/>
</kw>
<return>
<value>Nenhum registro excluído</value>
<status status="NOT RUN" start="2025-03-31T08:52:45.384867" elapsed="0.000000"/>
</return>
<status status="NOT RUN" start="2025-03-31T08:52:45.384867" elapsed="0.000000"/>
</branch>
<branch type="ELSE">
<kw name="Fail" owner="BuiltIn">
<arg>A resposta não contém as mensagens esperadas.</arg>
<doc>Fails the test with the given message and optionally alters its tags.</doc>
<status status="NOT RUN" start="2025-03-31T08:52:45.384867" elapsed="0.000000"/>
</kw>
<status status="NOT RUN" start="2025-03-31T08:52:45.384867" elapsed="0.000000"/>
</branch>
<status status="PASS" start="2025-03-31T08:52:45.383865" elapsed="0.001002"/>
</if>
<arg>${ID_NOVO}</arg>
<doc>Envia Requisição DELETE de Excluir Usuários</doc>
<status status="PASS" start="2025-03-31T08:52:45.053024" elapsed="0.331843"/>
</kw>
<status status="PASS" start="2025-03-31T08:52:43.671317" elapsed="1.713550"/>
</kw>
<kw name="Enviar Requisição POST de Criação de Usuários" owner="usuarios_api_steps">
<kw name="Load Json From File" owner="JSONLibrary">
<msg time="2025-03-31T08:52:45.386943" level="INFO">${payload} = {'nome': 'ROBOT', 'email': 'robot@example.com', 'password': 'senharobot', 'administrador': 'true'}</msg>
<var>${payload}</var>
<arg>${CRIAR_USUARIO.JSON}</arg>
<doc>Load JSON from file.</doc>
<status status="PASS" start="2025-03-31T08:52:45.385871" elapsed="0.001072"/>
</kw>
<kw name="Create Dictionary" owner="BuiltIn">
<msg time="2025-03-31T08:52:45.386943" level="INFO">${headers} = {'Content-Type': 'application/json'}</msg>
<var>${headers}</var>
<arg>Content-Type=application/json</arg>
<doc>Creates and returns a dictionary based on the given ``items``.</doc>
<status status="PASS" start="2025-03-31T08:52:45.386943" elapsed="0.000000"/>
</kw>
<kw name="POST" owner="RequestsLibrary">
<msg time="2025-03-31T08:52:45.719880" level="INFO">POST Request : url=https://serverest.dev/usuarios 
 path_url=/usuarios 
 headers={'User-Agent': 'python-requests/2.32.3', 'Accept-Encoding': 'gzip, deflate', 'Accept': '*/*', 'Connection': 'keep-alive', 'Content-Type': 'application/json', 'Content-Length': '98'} 
 body=b'{"nome": "ROBOT", "email": "robot@example.com", "password": "senharobot", "administrador": "true"}' 
 </msg>
<msg time="2025-03-31T08:52:45.719880" level="INFO">POST Response : url=https://serverest.dev/usuarios 
 status=201, reason=Created 
 headers={'access-control-allow-origin': '*', 'x-dns-prefetch-control': 'off', 'x-frame-options': 'SAMEORIGIN', 'strict-transport-security': 'max-age=15552000; includeSubDomains', 'x-download-options': 'noopen', 'x-content-type-options': 'nosniff', 'x-xss-protection': '1; mode=block', 'content-type': 'application/json; charset=utf-8', 'x-cloud-trace-context': 'c82490ffe5e3153ee45056b508a9a7f7', 'date': 'Mon, 31 Mar 2025 11:52:45 GMT', 'server': 'Google Frontend', 'Content-Length': '82'} 
 body={
    "message": "Cadastro realizado com sucesso",
    "_id": "2qzXxwIC8iEWwDkn"
} 
 </msg>
<msg time="2025-03-31T08:52:45.719880" level="INFO">${RESPONSE} = &lt;Response [201]&gt;</msg>
<var>${RESPONSE}</var>
<arg>${BASE_URL}${URI.USUARIOS}</arg>
<arg>json=${payload}</arg>
<arg>headers=${headers}</arg>
<arg>expected_status=anything</arg>
<doc>Sends a POST request.</doc>
<status status="PASS" start="2025-03-31T08:52:45.386943" elapsed="0.332937"/>
</kw>
<kw name="Log" owner="BuiltIn">
<msg time="2025-03-31T08:52:45.721883" level="INFO">{'message': 'Cadastro realizado com sucesso', '_id': '2qzXxwIC8iEWwDkn'}</msg>
<arg>${RESPONSE.json()}</arg>
<doc>Logs the given message with the given level.</doc>
<status status="PASS" start="2025-03-31T08:52:45.720885" elapsed="0.000998"/>
</kw>
<kw name="Set Variable" owner="BuiltIn">
<msg time="2025-03-31T08:52:45.722883" level="INFO">${JSON_CONTENT} = {'message': 'Cadastro realizado com sucesso', '_id': '2qzXxwIC8iEWwDkn'}</msg>
<var>${JSON_CONTENT}</var>
<arg>${RESPONSE.json()}</arg>
<doc>Returns the given values which can then be assigned to a variables.</doc>
<status status="PASS" start="2025-03-31T08:52:45.721883" elapsed="0.001000"/>
</kw>
<kw name="Set Variable" owner="BuiltIn">
<msg time="2025-03-31T08:52:45.723390" level="INFO">${JSON_MESSAGE} = Cadastro realizado com sucesso</msg>
<var>${JSON_MESSAGE}</var>
<arg>${RESPONSE.json()}[message]</arg>
<doc>Returns the given values which can then be assigned to a variables.</doc>
<status status="PASS" start="2025-03-31T08:52:45.722883" elapsed="0.000507"/>
</kw>
<if>
<branch type="IF" condition="($JSON_MESSAGE == &quot;Cadastro realizado com sucesso&quot;)">
<kw name="Log" owner="BuiltIn">
<msg time="2025-03-31T08:52:45.724393" level="INFO">Cadastro realizado com sucesso</msg>
<arg>Cadastro realizado com sucesso</arg>
<doc>Logs the given message with the given level.</doc>
<status status="PASS" start="2025-03-31T08:52:45.724393" elapsed="0.000000"/>
</kw>
<kw name="Get From Dictionary" owner="Collections">
<msg time="2025-03-31T08:52:45.724393" level="INFO">${ID_USUARIO} = 2qzXxwIC8iEWwDkn</msg>
<var>${ID_USUARIO}</var>
<arg>${JSON_CONTENT}</arg>
<arg>_id</arg>
<arg>default=None</arg>
<doc>Returns a value from the given ``dictionary`` based on the given ``key``.</doc>
<status status="PASS" start="2025-03-31T08:52:45.724393" elapsed="0.000000"/>
</kw>
<return>
<value>${ID_USUARIO}</value>
<status status="PASS" start="2025-03-31T08:52:45.724393" elapsed="0.000000"/>
</return>
<status status="PASS" start="2025-03-31T08:52:45.723390" elapsed="0.001003"/>
</branch>
<branch type="ELSE IF" condition="($JSON_MESSAGE == &quot;Este email já está sendo usado&quot;)">
<kw name="Log" owner="BuiltIn">
<arg>Este email já está sendo usado</arg>
<doc>Logs the given message with the given level.</doc>
<status status="NOT RUN" start="2025-03-31T08:52:45.724393" elapsed="0.000000"/>
</kw>
<return>
<value>${JSON_MESSAGE}</value>
<status status="NOT RUN" start="2025-03-31T08:52:45.724393" elapsed="0.000000"/>
</return>
<status status="NOT RUN" start="2025-03-31T08:52:45.724393" elapsed="0.000000"/>
</branch>
<branch type="ELSE">
<kw name="Fail" owner="BuiltIn">
<arg>A resposta não contém as mensagens esperadas.</arg>
<doc>Fails the test with the given message and optionally alters its tags.</doc>
<status status="NOT RUN" start="2025-03-31T08:52:45.724393" elapsed="0.000000"/>
</kw>
<status status="NOT RUN" start="2025-03-31T08:52:45.724393" elapsed="0.000000"/>
</branch>
<status status="PASS" start="2025-03-31T08:52:45.723390" elapsed="0.001003"/>
</if>
<msg time="2025-03-31T08:52:45.725395" level="INFO">${ID} = 2qzXxwIC8iEWwDkn</msg>
<var>${ID}</var>
<doc>Envia Requisição GET de Lista de Usuários</doc>
<status status="PASS" start="2025-03-31T08:52:45.385871" elapsed="0.339524"/>
</kw>
<kw name="Given eu preencha o campo NOME com o [valor]" owner="login_steps">
<kw name="Wait Until Element Is Visible" owner="SeleniumLibrary">
<arg>${LOGIN.EMAIL.INPUT}</arg>
<arg>timeout=30s</arg>
<doc>Waits until the element ``locator`` is visible.</doc>
<status status="PASS" start="2025-03-31T08:52:45.725644" elapsed="0.022860"/>
</kw>
<kw name="Input Text" owner="SeleniumLibrary">
<msg time="2025-03-31T08:52:45.748504" level="INFO">Typing text 'robot@example.com' into text field 'css=[data-testid="email"]'.</msg>
<arg>${LOGIN.EMAIL.INPUT}</arg>
<arg>${value}</arg>
<doc>Types the given ``text`` into the text field identified by ``locator``.</doc>
<status status="PASS" start="2025-03-31T08:52:45.748504" elapsed="0.092446"/>
</kw>
<arg>${EMAIL_CASDASTRADO}</arg>
<status status="PASS" start="2025-03-31T08:52:45.725644" elapsed="0.115306"/>
</kw>
<kw name="And eu preencha o campo SENHA com o [valor]" owner="login_steps">
<kw name="Wait Until Element Is Visible" owner="SeleniumLibrary">
<arg>${LOGIN.SENHA.INPUT}</arg>
<arg>timeout=30s</arg>
<doc>Waits until the element ``locator`` is visible.</doc>
<status status="PASS" start="2025-03-31T08:52:45.842958" elapsed="0.023941"/>
</kw>
<kw name="Input Text" owner="SeleniumLibrary">
<msg time="2025-03-31T08:52:45.866899" level="INFO">Typing text 'senharobot' into text field 'css=[data-testid="senha"]'.</msg>
<arg>${LOGIN.SENHA.INPUT}</arg>
<arg>${value}</arg>
<doc>Types the given ``text`` into the text field identified by ``locator``.</doc>
<status status="PASS" start="2025-03-31T08:52:45.866899" elapsed="0.085667"/>
</kw>
<arg>${SENHA_CASDASTRADA}</arg>
<status status="PASS" start="2025-03-31T08:52:45.840950" elapsed="0.111616"/>
</kw>
<kw name="And eu clique no botão ENTRAR" owner="login_steps">
<kw name="Wait Until Element Is Visible" owner="SeleniumLibrary">
<arg>${LOGIN.ENTRAR.BUTTON}</arg>
<arg>timeout=30s</arg>
<doc>Waits until the element ``locator`` is visible.</doc>
<status status="PASS" start="2025-03-31T08:52:45.952566" elapsed="0.020151"/>
</kw>
<kw name="Click Button" owner="SeleniumLibrary">
<msg time="2025-03-31T08:52:45.972717" level="INFO">Clicking button 'css=[data-testid="entrar"]'.</msg>
<arg>${LOGIN.ENTRAR.BUTTON}</arg>
<doc>Clicks the button identified by ``locator``.</doc>
<status status="PASS" start="2025-03-31T08:52:45.972717" elapsed="0.094880"/>
</kw>
<status status="PASS" start="2025-03-31T08:52:45.952566" elapsed="0.115031"/>
</kw>
<kw name="And eu clico no item de MENU" owner="home_steps">
<kw name="Wait Until Element Is Visible" owner="SeleniumLibrary">
<arg>${SELECTOR}</arg>
<arg>timeout=30s</arg>
<doc>Waits until the element ``locator`` is visible.</doc>
<status status="PASS" start="2025-03-31T08:52:46.067597" elapsed="0.852678"/>
</kw>
<kw name="Click Element" owner="SeleniumLibrary">
<msg time="2025-03-31T08:52:46.920275" level="INFO">Clicking element 'css=[data-testid="cadastrar-produtos"]'.</msg>
<arg>${SELECTOR}</arg>
<doc>Click the element identified by ``locator``.</doc>
<status status="PASS" start="2025-03-31T08:52:46.920275" elapsed="0.044684"/>
</kw>
<arg>CADASTRAR PRODUTO</arg>
<arg>${HOME.MENU_CADASTRAR_PRODUTOS.BTN}</arg>
<status status="PASS" start="2025-03-31T08:52:46.067597" elapsed="0.897362"/>
</kw>
<kw name="And eu preencho o [CAMPO] de cadastro de produto" owner="cadastrar_produto_steps">
<kw name="Wait Until Element Is Visible" owner="SeleniumLibrary">
<arg>${SELECTOR}</arg>
<arg>timeout=30s</arg>
<doc>Waits until the element ``locator`` is visible.</doc>
<status status="PASS" start="2025-03-31T08:52:46.964959" elapsed="0.016024"/>
</kw>
<kw name="Input Text" owner="SeleniumLibrary">
<msg time="2025-03-31T08:52:46.982802" level="INFO">Typing text 'QA_PRODUTO_LIVRO' into text field 'css=[data-testid="nome"]'.</msg>
<arg>${SELECTOR}</arg>
<arg>${TEXTO}</arg>
<doc>Types the given ``text`` into the text field identified by ``locator``.</doc>
<status status="PASS" start="2025-03-31T08:52:46.982802" elapsed="0.196961"/>
</kw>
<arg>NOME</arg>
<arg>${CAD_PRODUTO.NOME.INPUT}</arg>
<arg>${NOME_PRODUTO}</arg>
<status status="PASS" start="2025-03-31T08:52:46.964959" elapsed="0.216810"/>
</kw>
<kw name="And eu preencho o [CAMPO] de cadastro de produto" owner="cadastrar_produto_steps">
<kw name="Wait Until Element Is Visible" owner="SeleniumLibrary">
<arg>${SELECTOR}</arg>
<arg>timeout=30s</arg>
<doc>Waits until the element ``locator`` is visible.</doc>
<status status="PASS" start="2025-03-31T08:52:47.182778" elapsed="0.020209"/>
</kw>
<kw name="Input Text" owner="SeleniumLibrary">
<msg time="2025-03-31T08:52:47.202987" level="INFO">Typing text '12345' into text field 'css=[data-testid="preco"]'.</msg>
<arg>${SELECTOR}</arg>
<arg>${TEXTO}</arg>
<doc>Types the given ``text`` into the text field identified by ``locator``.</doc>
<status status="PASS" start="2025-03-31T08:52:47.202987" elapsed="0.059903"/>
</kw>
<arg>PREÇO</arg>
<arg>${CAD_PRODUTO.PRECO.INPUT}</arg>
<arg>${PRECO_PRODUTO}</arg>
<status status="PASS" start="2025-03-31T08:52:47.181769" elapsed="0.085608"/>
</kw>
<kw name="And eu preencho o [CAMPO] de cadastro de produto" owner="cadastrar_produto_steps">
<kw name="Wait Until Element Is Visible" owner="SeleniumLibrary">
<arg>${SELECTOR}</arg>
<arg>timeout=30s</arg>
<doc>Waits until the element ``locator`` is visible.</doc>
<status status="PASS" start="2025-03-31T08:52:47.267377" elapsed="0.020841"/>
</kw>
<kw name="Input Text" owner="SeleniumLibrary">
<msg time="2025-03-31T08:52:47.288218" level="INFO">Typing text 'QA_PRODUTO_LIVRO_DESCRIÇÃO' into text field 'css=[data-testid="descricao"]'.</msg>
<arg>${SELECTOR}</arg>
<arg>${TEXTO}</arg>
<doc>Types the given ``text`` into the text field identified by ``locator``.</doc>
<status status="PASS" start="2025-03-31T08:52:47.288218" elapsed="0.107358"/>
</kw>
[...]
<doc>Returns the given values which can then be assigned to a variables.</doc>
<status status="PASS" start="2025-03-31T08:52:55.774734" elapsed="0.001177"/>
</kw>
<kw name="Set Variable" owner="BuiltIn">
<msg time="2025-03-31T08:52:55.776937" level="INFO">${JSON_MESSAGE} = Registro excluído com sucesso</msg>
<var>${JSON_MESSAGE}</var>
<arg>${RESPONSE.json()}[message]</arg>
<doc>Returns the given values which can then be assigned to a variables.</doc>
<status status="PASS" start="2025-03-31T08:52:55.775911" elapsed="0.001026"/>
</kw>
<if>
<branch type="IF" condition="($JSON_MESSAGE == &quot;Registro excluído com sucesso&quot;)">
<kw name="Log" owner="BuiltIn">
<msg time="2025-03-31T08:52:55.776937" level="INFO">Registro excluído com sucesso</msg>
<arg>Registro excluído com sucesso</arg>
<doc>Logs the given message with the given level.</doc>
<status status="PASS" start="2025-03-31T08:52:55.776937" elapsed="0.001008"/>
</kw>
<return>
<value>Registro excluído com sucesso</value>
<status status="PASS" start="2025-03-31T08:52:55.777945" elapsed="0.000000"/>
</return>
<status status="PASS" start="2025-03-31T08:52:55.776937" elapsed="0.001008"/>
</branch>
<branch type="ELSE IF" condition="($JSON_MESSAGE == &quot;Nenhum registro excluído&quot;)">
<kw name="Log" owner="BuiltIn">
<arg>Nenhum registro excluído</arg>
<doc>Logs the given message with the given level.</doc>
<status status="NOT RUN" start="2025-03-31T08:52:55.777945" elapsed="0.000000"/>
</kw>
<return>
<value>Nenhum registro excluído</value>
<status status="NOT RUN" start="2025-03-31T08:52:55.777945" elapsed="0.000000"/>
</return>
<status status="NOT RUN" start="2025-03-31T08:52:55.777945" elapsed="0.000000"/>
</branch>
<branch type="ELSE">
<kw name="Fail" owner="BuiltIn">
<arg>A resposta não contém as mensagens esperadas.</arg>
<doc>Fails the test with the given message and optionally alters its tags.</doc>
<status status="NOT RUN" start="2025-03-31T08:52:55.777945" elapsed="0.000000"/>
</kw>
<status status="NOT RUN" start="2025-03-31T08:52:55.777945" elapsed="0.000000"/>
</branch>
<status status="PASS" start="2025-03-31T08:52:55.776937" elapsed="0.001008"/>
</if>
<arg>${ID_NOVO}</arg>
<doc>Envia Requisição DELETE de Excluir Usuários</doc>
<status status="PASS" start="2025-03-31T08:52:55.428106" elapsed="0.349839"/>
</kw>
<status status="PASS" start="2025-03-31T08:52:53.991154" elapsed="1.786791"/>
</kw>
<kw name="Enviar Requisição POST de Criação de Usuários" owner="usuarios_api_steps">
<kw name="Load Json From File" owner="JSONLibrary">
<msg time="2025-03-31T08:52:55.778848" level="INFO">${payload} = {'nome': 'ROBOT', 'email': 'robot@example.com', 'password': 'senharobot', 'administrador': 'true'}</msg>
<var>${payload}</var>
<arg>${CRIAR_USUARIO.JSON}</arg>
<doc>Load JSON from file.</doc>
<status status="PASS" start="2025-03-31T08:52:55.778848" elapsed="0.000000"/>
</kw>
<kw name="Create Dictionary" owner="BuiltIn">
<msg time="2025-03-31T08:52:55.779853" level="INFO">${headers} = {'Content-Type': 'application/json'}</msg>
<var>${headers}</var>
<arg>Content-Type=application/json</arg>
<doc>Creates and returns a dictionary based on the given ``items``.</doc>
<status status="PASS" start="2025-03-31T08:52:55.779853" elapsed="0.000000"/>
</kw>
<kw name="POST" owner="RequestsLibrary">
<msg time="2025-03-31T08:52:56.223257" level="INFO">POST Request : url=https://serverest.dev/usuarios 
 path_url=/usuarios 
 headers={'User-Agent': 'python-requests/2.32.3', 'Accept-Encoding': 'gzip, deflate', 'Accept': '*/*', 'Connection': 'keep-alive', 'Content-Type': 'application/json', 'Content-Length': '98'} 
 body=b'{"nome": "ROBOT", "email": "robot@example.com", "password": "senharobot", "administrador": "true"}' 
 </msg>
<msg time="2025-03-31T08:52:56.223257" level="INFO">POST Response : url=https://serverest.dev/usuarios 
 status=201, reason=Created 
 headers={'access-control-allow-origin': '*', 'x-dns-prefetch-control': 'off', 'x-frame-options': 'SAMEORIGIN', 'strict-transport-security': 'max-age=15552000; includeSubDomains', 'x-download-options': 'noopen', 'x-content-type-options': 'nosniff', 'x-xss-protection': '1; mode=block', 'content-type': 'application/json; charset=utf-8', 'x-cloud-trace-context': 'ec6183092a26992c4a887e97ddbb0c64', 'date': 'Mon, 31 Mar 2025 11:52:56 GMT', 'server': 'Google Frontend', 'Content-Length': '82'} 
 body={
    "message": "Cadastro realizado com sucesso",
    "_id": "TjmyB98wbucOOv4X"
} 
 </msg>
<msg time="2025-03-31T08:52:56.224318" level="INFO">${RESPONSE} = &lt;Response [201]&gt;</msg>
<var>${RESPONSE}</var>
<arg>${BASE_URL}${URI.USUARIOS}</arg>
<arg>json=${payload}</arg>
<arg>headers=${headers}</arg>
<arg>expected_status=anything</arg>
<doc>Sends a POST request.</doc>
<status status="PASS" start="2025-03-31T08:52:55.779853" elapsed="0.444465"/>
</kw>
<kw name="Log" owner="BuiltIn">
<msg time="2025-03-31T08:52:56.225320" level="INFO">{'message': 'Cadastro realizado com sucesso', '_id': 'TjmyB98wbucOOv4X'}</msg>
<arg>${RESPONSE.json()}</arg>
<doc>Logs the given message with the given level.</doc>
<status status="PASS" start="2025-03-31T08:52:56.224318" elapsed="0.001002"/>
</kw>
<kw name="Set Variable" owner="BuiltIn">
<msg time="2025-03-31T08:52:56.226321" level="INFO">${JSON_CONTENT} = {'message': 'Cadastro realizado com sucesso', '_id': 'TjmyB98wbucOOv4X'}</msg>
<var>${JSON_CONTENT}</var>
<arg>${RESPONSE.json()}</arg>
<doc>Returns the given values which can then be assigned to a variables.</doc>
<status status="PASS" start="2025-03-31T08:52:56.225320" elapsed="0.001001"/>
</kw>
<kw name="Set Variable" owner="BuiltIn">
<msg time="2025-03-31T08:52:56.226321" level="INFO">${JSON_MESSAGE} = Cadastro realizado com sucesso</msg>
<var>${JSON_MESSAGE}</var>
<arg>${RESPONSE.json()}[message]</arg>
<doc>Returns the given values which can then be assigned to a variables.</doc>
<status status="PASS" start="2025-03-31T08:52:56.226321" elapsed="0.000000"/>
</kw>
<if>
<branch type="IF" condition="($JSON_MESSAGE == &quot;Cadastro realizado com sucesso&quot;)">
<kw name="Log" owner="BuiltIn">
<msg time="2025-03-31T08:52:56.227320" level="INFO">Cadastro realizado com sucesso</msg>
<arg>Cadastro realizado com sucesso</arg>
<doc>Logs the given message with the given level.</doc>
<status status="PASS" start="2025-03-31T08:52:56.227320" elapsed="0.000000"/>
</kw>
<kw name="Get From Dictionary" owner="Collections">
<msg time="2025-03-31T08:52:56.228321" level="INFO">${ID_USUARIO} = TjmyB98wbucOOv4X</msg>
<var>${ID_USUARIO}</var>
<arg>${JSON_CONTENT}</arg>
<arg>_id</arg>
<arg>default=None</arg>
<doc>Returns a value from the given ``dictionary`` based on the given ``key``.</doc>
<status status="PASS" start="2025-03-31T08:52:56.227320" elapsed="0.001001"/>
</kw>
<return>
<value>${ID_USUARIO}</value>
<status status="PASS" start="2025-03-31T08:52:56.228321" elapsed="0.000000"/>
</return>
<status status="PASS" start="2025-03-31T08:52:56.227320" elapsed="0.001001"/>
</branch>
<branch type="ELSE IF" condition="($JSON_MESSAGE == &quot;Este email já está sendo usado&quot;)">
<kw name="Log" owner="BuiltIn">
<arg>Este email já está sendo usado</arg>
<doc>Logs the given message with the given level.</doc>
<status status="NOT RUN" start="2025-03-31T08:52:56.228321" elapsed="0.000000"/>
</kw>
<return>
<value>${JSON_MESSAGE}</value>
<status status="NOT RUN" start="2025-03-31T08:52:56.228321" elapsed="0.000000"/>
</return>
<status status="NOT RUN" start="2025-03-31T08:52:56.228321" elapsed="0.000000"/>
</branch>
<branch type="ELSE">
<kw name="Fail" owner="BuiltIn">
<arg>A resposta não contém as mensagens esperadas.</arg>
<doc>Fails the test with the given message and optionally alters its tags.</doc>
<status status="NOT RUN" start="2025-03-31T08:52:56.228321" elapsed="0.000999"/>
</kw>
<status status="NOT RUN" start="2025-03-31T08:52:56.228321" elapsed="0.000999"/>
</branch>
<status status="PASS" start="2025-03-31T08:52:56.227320" elapsed="0.002000"/>
</if>
<msg time="2025-03-31T08:52:56.229320" level="INFO">${ID} = TjmyB98wbucOOv4X</msg>
<var>${ID}</var>
<doc>Envia Requisição GET de Lista de Usuários</doc>
<status status="PASS" start="2025-03-31T08:52:55.778848" elapsed="0.450472"/>
</kw>
<kw name="Given Eu clico no botão CADASTRAR" owner="commons">
<kw name="Wait Until Element Is Visible" owner="SeleniumLibrary">
<arg>${SELECTOR}</arg>
<arg>timeout=30s</arg>
<doc>Waits until the element ``locator`` is visible.</doc>
<status status="PASS" start="2025-03-31T08:52:56.229320" elapsed="0.020055"/>
</kw>
<kw name="Click Element" owner="SeleniumLibrary">
<msg time="2025-03-31T08:52:56.250100" level="INFO">Clicking element 'css=[data-testid="cadastrar"]'.</msg>
<arg>${SELECTOR}</arg>
<doc>Click the element identified by ``locator``.</doc>
<status status="PASS" start="2025-03-31T08:52:56.250100" elapsed="0.059129"/>
</kw>
<arg>${LOGIN.CADASTRAR.BUTTON}</arg>
<status status="PASS" start="2025-03-31T08:52:56.229320" elapsed="0.080915"/>
</kw>
<kw name="When eu preencho o campo NOME" owner="commons">
<kw name="First Name" owner="FakerLibrary">
<msg time="2025-03-31T08:52:56.311632" level="INFO">${NOME_FAKER} = Donna</msg>
<var>${NOME_FAKER}</var>
<status status="PASS" start="2025-03-31T08:52:56.310235" elapsed="0.001397"/>
</kw>
<kw name="Set Global Variable" owner="BuiltIn">
<msg time="2025-03-31T08:52:56.311632" level="INFO">${NOME_FAKER} = Donna</msg>
<arg>${NOME_FAKER}</arg>
<doc>Makes a variable available globally in all tests and suites.</doc>
<status status="PASS" start="2025-03-31T08:52:56.311632" elapsed="0.000000"/>
</kw>
<kw name="Wait Until Element Is Visible" owner="SeleniumLibrary">
<arg>${SELECTOR}</arg>
<arg>timeout=30s</arg>
<doc>Waits until the element ``locator`` is visible.</doc>
<status status="PASS" start="2025-03-31T08:52:56.311632" elapsed="0.027268"/>
</kw>
<kw name="Input Text" owner="SeleniumLibrary">
<msg time="2025-03-31T08:52:56.338900" level="INFO">Typing text 'QATEST_Donna' into text field 'css=[data-testid="nome"]'.</msg>
<arg>${SELECTOR}</arg>
<arg>${PREFIXO_NOME_USUARIO}${NOME_FAKER}</arg>
<doc>Types the given ``text`` into the text field identified by ``locator``.</doc>
<status status="PASS" start="2025-03-31T08:52:56.338900" elapsed="0.101024"/>
</kw>
<return>
<status status="PASS" start="2025-03-31T08:52:56.440938" elapsed="0.000000"/>
</return>
<arg>${SIGNUP.NOME.INPUT}</arg>
<status status="PASS" start="2025-03-31T08:52:56.310235" elapsed="0.130703"/>
</kw>
<kw name="And eu preencho o campo EMAIL" owner="commons">
<kw name="Wait Until Element Is Visible" owner="SeleniumLibrary">
<arg>${SELECTOR}</arg>
<arg>timeout=30s</arg>
<doc>Waits until the element ``locator`` is visible.</doc>
<status status="PASS" start="2025-03-31T08:52:56.442261" elapsed="0.014485"/>
</kw>
<kw name="User Id Generator" owner="user_id_generator">
<msg time="2025-03-31T08:52:56.457813" level="INFO">${USER_ID} = Donna07f638ea-4a95</msg>
<var>${USER_ID}</var>
<arg>${NOME_FAKER}</arg>
<status status="PASS" start="2025-03-31T08:52:56.457106" elapsed="0.000707"/>
</kw>
<kw name="Input Text" owner="SeleniumLibrary">
<msg time="2025-03-31T08:52:56.457813" level="INFO">Typing text 'Donna07f638ea-4a95@qateste.com.br' into text field 'css=[data-testid="email"]'.</msg>
<arg>${SELECTOR}</arg>
<arg>${USER_ID}@qateste.com.br</arg>
<doc>Types the given ``text`` into the text field identified by ``locator``.</doc>
<status status="PASS" start="2025-03-31T08:52:56.457813" elapsed="0.114109"/>
</kw>
<return>
<value>${USER_ID}@qateste.com.br</value>
<status status="PASS" start="2025-03-31T08:52:56.571922" elapsed="0.000000"/>
</return>
<msg time="2025-03-31T08:52:56.571922" level="INFO">${EMAIL} = Donna07f638ea-4a95@qateste.com.br</msg>
<var>${EMAIL}</var>
<arg>${SIGNUP.EMAIL.INPUT}</arg>
<status status="PASS" start="2025-03-31T08:52:56.440938" elapsed="0.130984"/>
</kw>
<kw name="And eu preencho o campo SENHA" owner="commons">
<kw name="Wait Until Element Is Visible" owner="SeleniumLibrary">
<arg>${SELECTOR}</arg>
<arg>timeout=30s</arg>
<doc>Waits until the element ``locator`` is visible.</doc>
<status status="PASS" start="2025-03-31T08:52:56.573802" elapsed="0.010951"/>
</kw>
<kw name="Input Text" owner="SeleniumLibrary">
<msg time="2025-03-31T08:52:56.584753" level="INFO">Typing text 'teste' into text field 'css=[data-testid="password"]'.</msg>
<arg>${SELECTOR}</arg>
<arg>teste</arg>
<doc>Types the given ``text`` into the text field identified by ``locator``.</doc>
<status status="PASS" start="2025-03-31T08:52:56.584753" elapsed="0.093819"/>
</kw>
<arg>${SIGNUP.SENHA.INPUT}</arg>
<status status="PASS" start="2025-03-31T08:52:56.572901" elapsed="0.105671"/>
</kw>
<kw name="And eu marco o checkbox de administrador" owner="commons">
<kw name="Click Element" owner="SeleniumLibrary">
<msg time="2025-03-31T08:52:56.679578" level="INFO">Clicking element 'css=[data-testid="checkbox"]'.</msg>
<arg>${SELECTOR}</arg>
<doc>Click the element identified by ``locator``.</doc>
<status status="PASS" start="2025-03-31T08:52:56.679578" elapsed="0.066437"/>
</kw>
<arg>${SIGNUP.CADASTRAR.CHECKBOX}</arg>
<status status="PASS" start="2025-03-31T08:52:56.678572" elapsed="0.067443"/>
</kw>
<kw name="When eu clico no botão CADASTRAR" owner="commons">
<kw name="Wait Until Element Is Visible" owner="SeleniumLibrary">
<arg>${SELECTOR}</arg>
<arg>timeout=30s</arg>
<doc>Waits until the element ``locator`` is visible.</doc>
<status status="PASS" start="2025-03-31T08:52:56.747155" elapsed="0.015315"/>
</kw>
<kw name="Click Element" owner="SeleniumLibrary">
<msg time="2025-03-31T08:52:56.762470" level="INFO">Clicking element 'css=[data-testid="cadastrar"]'.</msg>
<arg>${SELECTOR}</arg>
<doc>Click the element identified by ``locator``.</doc>
<status status="PASS" start="2025-03-31T08:52:56.762470" elapsed="0.051779"/>
</kw>
<arg>${SIGNUP.CADASTRAR.BUTTON}</arg>
<status status="PASS" start="2025-03-31T08:52:56.747155" elapsed="0.067094"/>
</kw>
<kw name="Then sou redirecionado para a tela HOME" owner="listar_usuarios_steps">
<kw name="Wait Until Element Is Visible" owner="SeleniumLibrary">
<arg>${HOME.TEXTO_APRESENTACAO.H1}</arg>
<arg>timeout=30s</arg>
<doc>Waits until the element ``locator`` is visible.</doc>
<status status="PASS" start="2025-03-31T08:52:56.814249" elapsed="3.858574"/>
</kw>
<kw name="Get Text" owner="SeleniumLibrary">
<msg time="2025-03-31T08:53:00.702778" level="INFO">${text} = Bem Vindo QATEST_Donna</msg>
<var>${text}</var>
<arg>${HOME.TEXTO_APRESENTACAO.H1}</arg>
<doc>Returns the text value of the element identified by ``locator``.</doc>
<status status="PASS" start="2025-03-31T08:53:00.672823" elapsed="0.029955"/>
</kw>
<kw name="Should Contain" owner="BuiltIn">
<arg>${text}</arg>
<arg>Bem Vindo QATEST_</arg>
<doc>Fails if ``container`` does not contain ``item`` one or more times.</doc>
<status status="PASS" start="2025-03-31T08:53:00.702778" elapsed="0.000000"/>
</kw>
<status status="PASS" start="2025-03-31T08:52:56.814249" elapsed="3.888529"/>
</kw>
<kw name="Enviar Requisição DELETE de Excluir Usuários" owner="usuarios_api_steps">
<kw name="DELETE" owner="RequestsLibrary">
<msg time="2025-03-31T08:53:01.032709" level="INFO">DELETE Request : url=https://serverest.dev/usuarios/TjmyB98wbucOOv4X 
 path_url=/usuarios/TjmyB98wbucOOv4X 
 headers={'User-Agent': 'python-requests/2.32.3', 'Accept-Encoding': 'gzip, deflate', 'Accept': '*/*', 'Connection': 'keep-alive', 'Content-Length': '0'} 
 body=None 
 </msg>
<msg time="2025-03-31T08:53:01.032709" level="INFO">DELETE Response : url=https://serverest.dev/usuarios/TjmyB98wbucOOv4X 
 status=200, reason=OK 
 headers={'access-control-allow-origin': '*', 'x-dns-prefetch-control': 'off', 'x-frame-options': 'SAMEORIGIN', 'strict-transport-security': 'max-age=15552000; includeSubDomains', 'x-download-options': 'noopen', 'x-content-type-options': 'nosniff', 'x-xss-protection': '1; mode=block', 'content-type': 'application/json; charset=utf-8', 'x-cloud-trace-context': '1ce90a84128a54613ffdc79442eb2458', 'date': 'Mon, 31 Mar 2025 11:53:01 GMT', 'server': 'Google Frontend', 'Content-Length': '51'} 
 body={
    "message": "Registro excluído com sucesso"
} 
 </msg>
<msg time="2025-03-31T08:53:01.032709" level="INFO">${RESPONSE} = &lt;Response [200]&gt;</msg>
<var>${RESPONSE}</var>
<arg>${BASE_URL}${URI.USUARIOS}/${ID_USUARIO}</arg>
<arg>expected_status=200</arg>
<doc>Sends a DELETE request.</doc>
<status status="PASS" start="2025-03-31T08:53:00.702778" elapsed="0.329931"/>
</kw>
<kw name="Log" owner="BuiltIn">
<msg time="2025-03-31T08:53:01.032709" level="INFO">{'message': 'Registro excluído com sucesso'}</msg>
<arg>${RESPONSE.json()}</arg>
<doc>Logs the given message with the given level.</doc>
<status status="PASS" start="2025-03-31T08:53:01.032709" elapsed="0.000000"/>
</kw>
<kw name="Set Variable" owner="BuiltIn">
<msg time="2025-03-31T08:53:01.032709" level="INFO">${JSON_CONTENT} = {'message': 'Registro excluído com sucesso'}</msg>
<var>${JSON_CONTENT}</var>
<arg>${response.json()}</arg>
<doc>Returns the given values which can then be assigned to a variables.</doc>
<status status="PASS" start="2025-03-31T08:53:01.032709" elapsed="0.000000"/>
</kw>
<kw name="Set Variable" owner="BuiltIn">
<msg time="2025-03-31T08:53:01.032709" level="INFO">${JSON_MESSAGE} = Registro excluído com sucesso</msg>
<var>${JSON_MESSAGE}</var>
<arg>${RESPONSE.json()}[message]</arg>
<doc>Returns the given values which can then be assigned to a variables.</doc>
<status status="PASS" start="2025-03-31T08:53:01.032709" elapsed="0.000000"/>
</kw>
<if>
<branch type="IF" condition="($JSON_MESSAGE == &quot;Registro excluído com sucesso&quot;)">
<kw name="Log" owner="BuiltIn">
<msg time="2025-03-31T08:53:01.032709" level="INFO">Registro excluído com sucesso</msg>
<arg>Registro excluído com sucesso</arg>
<doc>Logs the given message with the given level.</doc>
<status status="PASS" start="2025-03-31T08:53:01.032709" elapsed="0.000000"/>
</kw>
<return>
<value>Registro excluído com sucesso</value>
<status status="PASS" start="2025-03-31T08:53:01.032709" elapsed="0.000000"/>
</return>
<status status="PASS" start="2025-03-31T08:53:01.032709" elapsed="0.000000"/>
</branch>
<branch type="ELSE IF" condition="($JSON_MESSAGE == &quot;Nenhum registro excluído&quot;)">
<kw name="Log" owner="BuiltIn">
<arg>Nenhum registro excluído</arg>
<doc>Logs the given message with the given level.</doc>
<status status="NOT RUN" start="2025-03-31T08:53:01.032709" elapsed="0.000000"/>
</kw>
<return>
<value>Nenhum registro excluído</value>
<status status="NOT RUN" start="2025-03-31T08:53:01.032709" elapsed="0.000000"/>
</return>
<status status="NOT RUN" start="2025-03-31T08:53:01.032709" elapsed="0.000000"/>
</branch>
<branch type="ELSE">
<kw name="Fail" owner="BuiltIn">
<arg>A resposta não contém as mensagens esperadas.</arg>
<doc>Fails the test with the given message and optionally alters its tags.</doc>
<status status="NOT RUN" start="2025-03-31T08:53:01.032709" elapsed="0.000000"/>
</kw>
<status status="NOT RUN" start="2025-03-31T08:53:01.032709" elapsed="0.000000"/>
</branch>
<status status="PASS" start="2025-03-31T08:53:01.032709" elapsed="0.000000"/>
</if>
<arg>${ID}</arg>
<doc>Envia Requisição DELETE de Excluir Usuários</doc>
<status status="PASS" start="2025-03-31T08:53:00.702778" elapsed="0.329931"/>
</kw>
<kw name="fechar Browser" owner="commons" type="TEARDOWN">
<kw name="Close Browser" owner="SeleniumLibrary">
<doc>Closes the current browser.</doc>
<status status="PASS" start="2025-03-31T08:53:01.032709" elapsed="2.164793"/>
</kw>
<status status="PASS" start="2025-03-31T08:53:01.032709" elapsed="2.164793"/>
</kw>
<status status="PASS" start="2025-03-31T08:52:50.072981" elapsed="13.125614"/>
</test>
<status status="PASS" start="2025-03-31T08:52:27.612995" elapsed="35.587386"/>
</suite>
<statistics>
<total>
<stat pass="3" fail="0" skip="0">All Tests</stat>
</total>
<tag>
</tag>
<suite>
<stat name="Tests E2E" id="s1" pass="3" fail="0" skip="0">Tests E2E</stat>
</suite>
</statistics>
<errors>
</errors>
</robot>
